}10:55:08.569 [Test worker] INFO  g.m.driver.GebMobileDriverFactory - Create Mobile Driver Instance for Framework appium ... 
10:55:08.608 [Test worker] INFO  g.m.driver.GebMobileDriverFactory - setting appium property: appium_deviceName , Google Pixel
|10:55:08.622 [Test worker] INFO  g.m.driver.GebMobileDriverFactory - setting appium property: appium_platformName , Android
ÿ10:55:08.623 [Test worker] INFO  g.m.driver.GebMobileDriverFactory - setting appium property: appium_app , /Users/shellyhan/Desktop/SIA/secure-image-android/functionalTesting/geb-mobile/demo_apps/WikipediaSample.apk
{10:55:08.625 [Test worker] INFO  g.m.driver.GebMobileDriverFactory - setting appium property: appium_platformVersion , 7.1
c10:55:08.633 [Test worker] INFO  g.m.driver.GebMobileDriverFactory - Create Appium Android Driver 
◊10:55:11.280 [Test worker] ERROR g.m.driver.GebMobileDriverFactory - eXC: Invalid [app] capability. Pass the valid app_url, custom_id or shareable_id (WARNING: The server did not provide any stacktrace information)
*Command duration or timeout: 1.02 seconds
WBuild info: version: '3.8.1', revision: '6e95a6684b', time: '2017-12-01T18:33:54.468Z'
∏System info: host: 'MacBook-Pro.hitronhub.home', ip: 'fd00:f0f2:49e5:f32:8083:7291:4949:6fb8', os.name: 'Mac OS X', os.arch: 'x86_64', os.version: '10.12.6', java.version: '1.8.0_151'
+Driver info: driver.version: AndroidDriver
µorg.openqa.selenium.WebDriverException: Invalid [app] capability. Pass the valid app_url, custom_id or shareable_id (WARNING: The server did not provide any stacktrace information)
*Command duration or timeout: 1.02 seconds
WBuild info: version: '3.8.1', revision: '6e95a6684b', time: '2017-12-01T18:33:54.468Z'
∏System info: host: 'MacBook-Pro.hitronhub.home', ip: 'fd00:f0f2:49e5:f32:8083:7291:4949:6fb8', os.name: 'Mac OS X', os.arch: 'x86_64', os.version: '10.12.6', java.version: '1.8.0_151'
+Driver info: driver.version: AndroidDriver
Y	at sun.reflect.NativeConstructorAccessorImpl.newInstance0(Native Method) [na:1.8.0_151]
p	at sun.reflect.NativeConstructorAccessorImpl.newInstance(NativeConstructorAccessorImpl.java:62) [na:1.8.0_151]
x	at sun.reflect.DelegatingConstructorAccessorImpl.newInstance(DelegatingConstructorAccessorImpl.java:45) [na:1.8.0_151]
S	at java.lang.reflect.Constructor.newInstance(Constructor.java:423) [na:1.8.0_151]
z	at org.openqa.selenium.remote.ErrorHandler.createThrowable(ErrorHandler.java:214) ~[selenium-remote-driver-3.8.1.jar:na]
Ä	at org.openqa.selenium.remote.ErrorHandler.throwIfResponseFailed(ErrorHandler.java:166) ~[selenium-remote-driver-3.8.1.jar:na]
é	at org.openqa.selenium.remote.JsonWireProtocolResponse.lambda$new$0(JsonWireProtocolResponse.java:53) ~[selenium-remote-driver-3.8.1.jar:na]
û	at org.openqa.selenium.remote.JsonWireProtocolResponse.lambda$getResponseFunction$2(JsonWireProtocolResponse.java:91) ~[selenium-remote-driver-3.8.1.jar:na]
ã	at org.openqa.selenium.remote.ProtocolHandshake.lambda$createSession$0(ProtocolHandshake.java:123) ~[selenium-remote-driver-3.8.1.jar:na]
^	at java.util.stream.ReferencePipeline$3$1.accept(ReferencePipeline.java:193) ~[na:1.8.0_151]
^	at java.util.Spliterators$ArraySpliterator.tryAdvance(Spliterators.java:958) ~[na:1.8.0_151]
e	at java.util.stream.ReferencePipeline.forEachWithCancel(ReferencePipeline.java:126) ~[na:1.8.0_151]
d	at java.util.stream.AbstractPipeline.copyIntoWithCancel(AbstractPipeline.java:498) ~[na:1.8.0_151]
Z	at java.util.stream.AbstractPipeline.copyInto(AbstractPipeline.java:485) ~[na:1.8.0_151]
a	at java.util.stream.AbstractPipeline.wrapAndCopyInto(AbstractPipeline.java:471) ~[na:1.8.0_151]
Y	at java.util.stream.FindOps$FindOp.evaluateSequential(FindOps.java:152) ~[na:1.8.0_151]
Z	at java.util.stream.AbstractPipeline.evaluate(AbstractPipeline.java:234) ~[na:1.8.0_151]
]	at java.util.stream.ReferencePipeline.findFirst(ReferencePipeline.java:464) ~[na:1.8.0_151]
Ç	at org.openqa.selenium.remote.ProtocolHandshake.createSession(ProtocolHandshake.java:126) ~[selenium-remote-driver-3.8.1.jar:na]
Å	at org.openqa.selenium.remote.ProtocolHandshake.createSession(ProtocolHandshake.java:73) ~[selenium-remote-driver-3.8.1.jar:na]
Ä	at org.openqa.selenium.remote.HttpCommandExecutor.execute(HttpCommandExecutor.java:142) ~[selenium-remote-driver-3.8.1.jar:na]
z	at io.appium.java_client.remote.AppiumCommandExecutor.execute(AppiumCommandExecutor.java:89) ~[java-client-5.0.4.jar:na]
x	at org.openqa.selenium.remote.RemoteWebDriver.execute(RemoteWebDriver.java:601) ~[selenium-remote-driver-3.8.1.jar:na]
}	at io.appium.java_client.DefaultGenericMobileDriver.execute(DefaultGenericMobileDriver.java:42) ~[java-client-5.0.4.jar:na]
`	at io.appium.java_client.AppiumDriver.execute(AppiumDriver.java:1) ~[java-client-5.0.4.jar:na]
j	at io.appium.java_client.android.AndroidDriver.execute(AndroidDriver.java:1) ~[java-client-5.0.4.jar:na]
}	at org.openqa.selenium.remote.RemoteWebDriver.startSession(RemoteWebDriver.java:219) ~[selenium-remote-driver-3.8.1.jar:na]
w	at org.openqa.selenium.remote.RemoteWebDriver.<init>(RemoteWebDriver.java:142) ~[selenium-remote-driver-3.8.1.jar:na]
|	at io.appium.java_client.DefaultGenericMobileDriver.<init>(DefaultGenericMobileDriver.java:38) ~[java-client-5.0.4.jar:na]
`	at io.appium.java_client.AppiumDriver.<init>(AppiumDriver.java:83) ~[java-client-5.0.4.jar:na]
`	at io.appium.java_client.AppiumDriver.<init>(AppiumDriver.java:93) ~[java-client-5.0.4.jar:na]
j	at io.appium.java_client.android.AndroidDriver.<init>(AndroidDriver.java:72) ~[java-client-5.0.4.jar:na]
Y	at sun.reflect.NativeConstructorAccessorImpl.newInstance0(Native Method) [na:1.8.0_151]
p	at sun.reflect.NativeConstructorAccessorImpl.newInstance(NativeConstructorAccessorImpl.java:62) [na:1.8.0_151]
x	at sun.reflect.DelegatingConstructorAccessorImpl.newInstance(DelegatingConstructorAccessorImpl.java:45) [na:1.8.0_151]
S	at java.lang.reflect.Constructor.newInstance(Constructor.java:423) [na:1.8.0_151]
v	at org.codehaus.groovy.reflection.CachedConstructor.invoke(CachedConstructor.java:77) [groovy-all-2.3.11.jar:2.3.11]
¢	at org.codehaus.groovy.runtime.callsite.ConstructorSite$ConstructorSiteNoUnwrapNoCoerce.callConstructor(ConstructorSite.java:102) [groovy-all-2.3.11.jar:2.3.11]
Ö	at org.codehaus.groovy.runtime.callsite.CallSiteArray.defaultCallConstructor(CallSiteArray.java:57) ~[groovy-all-2.3.11.jar:2.3.11]
Ö	at org.codehaus.groovy.runtime.callsite.AbstractCallSite.callConstructor(AbstractCallSite.java:182) ~[groovy-all-2.3.11.jar:2.3.11]
Ö	at org.codehaus.groovy.runtime.callsite.AbstractCallSite.callConstructor(AbstractCallSite.java:194) ~[groovy-all-2.3.11.jar:2.3.11]
	at geb.mobile.driver.GebMobileDriverFactory.createMobileDriverInstance(GebMobileDriverFactory.groovy:80) ~[geb-mobile.jar:na]
f	at geb.mobile.driver.GebMobileDriverFactory$createMobileDriverInstance.call(Unknown Source) ~[na:na]
z	at org.codehaus.groovy.runtime.callsite.CallSiteArray.defaultCall(CallSiteArray.java:45) ~[groovy-all-2.3.11.jar:2.3.11]
z	at org.codehaus.groovy.runtime.callsite.AbstractCallSite.call(AbstractCallSite.java:108) ~[groovy-all-2.3.11.jar:2.3.11]
z	at org.codehaus.groovy.runtime.callsite.AbstractCallSite.call(AbstractCallSite.java:112) ~[groovy-all-2.3.11.jar:2.3.11]
i	at script1520016907581363379674$_run_closure1.doCall(script1520016907581363379674.groovy:9) [script:na]
g	at script1520016907581363379674$_run_closure1.doCall(script1520016907581363379674.groovy) [script:na]
P	at sun.reflect.NativeMethodAccessorImpl.invoke0(Native Method) ~[na:1.8.0_151]
b	at sun.reflect.NativeMethodAccessorImpl.invoke(NativeMethodAccessorImpl.java:62) ~[na:1.8.0_151]
j	at sun.reflect.DelegatingMethodAccessorImpl.invoke(DelegatingMethodAccessorImpl.java:43) ~[na:1.8.0_151]
E	at java.lang.reflect.Method.invoke(Method.java:498) ~[na:1.8.0_151]
l	at org.codehaus.groovy.reflection.CachedMethod.invoke(CachedMethod.java:90) [groovy-all-2.3.11.jar:2.3.11]
^	at groovy.lang.MetaMethod.doMethodInvoke(MetaMethod.java:324) [groovy-all-2.3.11.jar:2.3.11]
Ç	at org.codehaus.groovy.runtime.metaclass.ClosureMetaClass.invokeMethod(ClosureMetaClass.java:292) [groovy-all-2.3.11.jar:2.3.11]
c	at groovy.lang.MetaClassImpl.invokeMethod(MetaClassImpl.java:1015) [groovy-all-2.3.11.jar:2.3.11]
v	at org.codehaus.groovy.runtime.InvokerHelper.invokePogoMethod(InvokerHelper.java:901) [groovy-all-2.3.11.jar:2.3.11]
r	at org.codehaus.groovy.runtime.InvokerHelper.invokeMethod(InvokerHelper.java:884) [groovy-all-2.3.11.jar:2.3.11]
É	at org.codehaus.groovy.runtime.ScriptBytecodeAdapter.invokeMethodN(ScriptBytecodeAdapter.java:166) [groovy-all-2.3.11.jar:2.3.11]
É	at org.codehaus.groovy.runtime.ScriptBytecodeAdapter.invokeClosure(ScriptBytecodeAdapter.java:572) [groovy-all-2.3.11.jar:2.3.11]
f	at geb.driver.CallbackDriverFactory.getDriver(CallbackDriverFactory.groovy:29) [geb-core-2.0.jar:na]
P	at sun.reflect.NativeMethodAccessorImpl.invoke0(Native Method) ~[na:1.8.0_151]
b	at sun.reflect.NativeMethodAccessorImpl.invoke(NativeMethodAccessorImpl.java:62) ~[na:1.8.0_151]
j	at sun.reflect.DelegatingMethodAccessorImpl.invoke(DelegatingMethodAccessorImpl.java:43) ~[na:1.8.0_151]
E	at java.lang.reflect.Method.invoke(Method.java:498) ~[na:1.8.0_151]
l	at org.codehaus.groovy.reflection.CachedMethod.invoke(CachedMethod.java:90) [groovy-all-2.3.11.jar:2.3.11]
^	at groovy.lang.MetaMethod.doMethodInvoke(MetaMethod.java:324) [groovy-all-2.3.11.jar:2.3.11]
û	at org.codehaus.groovy.runtime.metaclass.MethodMetaProperty$GetBeanMethodMetaProperty.getProperty(MethodMetaProperty.java:73) [groovy-all-2.3.11.jar:2.3.11]
ó	at org.codehaus.groovy.runtime.callsite.GetEffectivePogoPropertySite.getProperty(GetEffectivePogoPropertySite.java:82) [groovy-all-2.3.11.jar:2.3.11]
Ö	at org.codehaus.groovy.runtime.callsite.AbstractCallSite.callGetProperty(AbstractCallSite.java:227) ~[groovy-all-2.3.11.jar:2.3.11]
u	at geb.driver.CachingDriverFactory$_getDriver_closure3.doCall(CachingDriverFactory.groovy:85) [geb-core-2.0.jar:na]
r	at geb.driver.CachingDriverFactory$_getDriver_closure3.doCall(CachingDriverFactory.groovy) [geb-core-2.0.jar:na]
P	at sun.reflect.NativeMethodAccessorImpl.invoke0(Native Method) ~[na:1.8.0_151]
b	at sun.reflect.NativeMethodAccessorImpl.invoke(NativeMethodAccessorImpl.java:62) ~[na:1.8.0_151]
j	at sun.reflect.DelegatingMethodAccessorImpl.invoke(DelegatingMethodAccessorImpl.java:43) ~[na:1.8.0_151]
E	at java.lang.reflect.Method.invoke(Method.java:498) ~[na:1.8.0_151]
l	at org.codehaus.groovy.reflection.CachedMethod.invoke(CachedMethod.java:90) [groovy-all-2.3.11.jar:2.3.11]
^	at groovy.lang.MetaMethod.doMethodInvoke(MetaMethod.java:324) [groovy-all-2.3.11.jar:2.3.11]
Ç	at org.codehaus.groovy.runtime.metaclass.ClosureMetaClass.invokeMethod(ClosureMetaClass.java:292) [groovy-all-2.3.11.jar:2.3.11]
c	at groovy.lang.MetaClassImpl.invokeMethod(MetaClassImpl.java:1015) [groovy-all-2.3.11.jar:2.3.11]
z	at org.codehaus.groovy.runtime.callsite.PogoMetaClassSite.call(PogoMetaClassSite.java:39) [groovy-all-2.3.11.jar:2.3.11]
z	at org.codehaus.groovy.runtime.callsite.CallSiteArray.defaultCall(CallSiteArray.java:45) ~[groovy-all-2.3.11.jar:2.3.11]
z	at org.codehaus.groovy.runtime.callsite.PogoMetaClassSite.call(PogoMetaClassSite.java:54) [groovy-all-2.3.11.jar:2.3.11]
z	at org.codehaus.groovy.runtime.callsite.AbstractCallSite.call(AbstractCallSite.java:112) ~[groovy-all-2.3.11.jar:2.3.11]
j	at geb.driver.CachingDriverFactory$SimpleCache.get(CachingDriverFactory.groovy:32) [geb-core-2.0.jar:na]
P	at sun.reflect.NativeMethodAccessorImpl.invoke0(Native Method) ~[na:1.8.0_151]
b	at sun.reflect.NativeMethodAccessorImpl.invoke(NativeMethodAccessorImpl.java:62) ~[na:1.8.0_151]
j	at sun.reflect.DelegatingMethodAccessorImpl.invoke(DelegatingMethodAccessorImpl.java:43) ~[na:1.8.0_151]
E	at java.lang.reflect.Method.invoke(Method.java:498) ~[na:1.8.0_151]
§	at org.codehaus.groovy.runtime.callsite.PogoMetaMethodSite$PogoCachedMethodSiteNoUnwrapNoCoerce.invoke(PogoMetaMethodSite.java:207) [groovy-all-2.3.11.jar:2.3.11]
|	at org.codehaus.groovy.runtime.callsite.PogoMetaMethodSite.call(PogoMetaMethodSite.java:68) [groovy-all-2.3.11.jar:2.3.11]
z	at org.codehaus.groovy.runtime.callsite.CallSiteArray.defaultCall(CallSiteArray.java:45) ~[groovy-all-2.3.11.jar:2.3.11]
z	at org.codehaus.groovy.runtime.callsite.AbstractCallSite.call(AbstractCallSite.java:108) ~[groovy-all-2.3.11.jar:2.3.11]
z	at org.codehaus.groovy.runtime.callsite.AbstractCallSite.call(AbstractCallSite.java:116) ~[groovy-all-2.3.11.jar:2.3.11]
d	at geb.driver.CachingDriverFactory.getDriver(CachingDriverFactory.groovy:84) [geb-core-2.0.jar:na]
P	at sun.reflect.NativeMethodAccessorImpl.invoke0(Native Method) ~[na:1.8.0_151]
b	at sun.reflect.NativeMethodAccessorImpl.invoke(NativeMethodAccessorImpl.java:62) ~[na:1.8.0_151]
j	at sun.reflect.DelegatingMethodAccessorImpl.invoke(DelegatingMethodAccessorImpl.java:43) ~[na:1.8.0_151]
E	at java.lang.reflect.Method.invoke(Method.java:498) ~[na:1.8.0_151]
l	at org.codehaus.groovy.reflection.CachedMethod.invoke(CachedMethod.java:90) [groovy-all-2.3.11.jar:2.3.11]
^	at groovy.lang.MetaMethod.doMethodInvoke(MetaMethod.java:324) [groovy-all-2.3.11.jar:2.3.11]
û	at org.codehaus.groovy.runtime.metaclass.MethodMetaProperty$GetBeanMethodMetaProperty.getProperty(MethodMetaProperty.java:73) [groovy-all-2.3.11.jar:2.3.11]
ó	at org.codehaus.groovy.runtime.callsite.GetEffectivePogoPropertySite.getProperty(GetEffectivePogoPropertySite.java:82) [groovy-all-2.3.11.jar:2.3.11]
Ö	at org.codehaus.groovy.runtime.callsite.AbstractCallSite.callGetProperty(AbstractCallSite.java:227) ~[groovy-all-2.3.11.jar:2.3.11]
S	at geb.Configuration.createDriver(Configuration.groovy:382) [geb-core-2.0.jar:na]
P	at geb.Configuration.getDriver(Configuration.groovy:371) [geb-core-2.0.jar:na]
P	at sun.reflect.NativeMethodAccessorImpl.invoke0(Native Method) ~[na:1.8.0_151]
b	at sun.reflect.NativeMethodAccessorImpl.invoke(NativeMethodAccessorImpl.java:62) ~[na:1.8.0_151]
j	at sun.reflect.DelegatingMethodAccessorImpl.invoke(DelegatingMethodAccessorImpl.java:43) ~[na:1.8.0_151]
E	at java.lang.reflect.Method.invoke(Method.java:498) ~[na:1.8.0_151]
l	at org.codehaus.groovy.reflection.CachedMethod.invoke(CachedMethod.java:90) [groovy-all-2.3.11.jar:2.3.11]
^	at groovy.lang.MetaMethod.doMethodInvoke(MetaMethod.java:324) [groovy-all-2.3.11.jar:2.3.11]
û	at org.codehaus.groovy.runtime.metaclass.MethodMetaProperty$GetBeanMethodMetaProperty.getProperty(MethodMetaProperty.java:73) [groovy-all-2.3.11.jar:2.3.11]
ó	at org.codehaus.groovy.runtime.callsite.GetEffectivePogoPropertySite.getProperty(GetEffectivePogoPropertySite.java:82) [groovy-all-2.3.11.jar:2.3.11]
ë	at org.codehaus.groovy.runtime.callsite.AbstractCallSite.callGroovyObjectGetProperty(AbstractCallSite.java:231) ~[groovy-all-2.3.11.jar:2.3.11]
D	at geb.Browser.getDriver(Browser.groovy:111) [geb-core-2.0.jar:na]
P	at sun.reflect.NativeMethodAccessorImpl.invoke0(Native Method) ~[na:1.8.0_151]
b	at sun.reflect.NativeMethodAccessorImpl.invoke(NativeMethodAccessorImpl.java:62) ~[na:1.8.0_151]
j	at sun.reflect.DelegatingMethodAccessorImpl.invoke(DelegatingMethodAccessorImpl.java:43) ~[na:1.8.0_151]
E	at java.lang.reflect.Method.invoke(Method.java:498) ~[na:1.8.0_151]
l	at org.codehaus.groovy.reflection.CachedMethod.invoke(CachedMethod.java:90) [groovy-all-2.3.11.jar:2.3.11]
^	at groovy.lang.MetaMethod.doMethodInvoke(MetaMethod.java:324) [groovy-all-2.3.11.jar:2.3.11]
û	at org.codehaus.groovy.runtime.metaclass.MethodMetaProperty$GetBeanMethodMetaProperty.getProperty(MethodMetaProperty.java:73) [groovy-all-2.3.11.jar:2.3.11]
ó	at org.codehaus.groovy.runtime.callsite.GetEffectivePogoPropertySite.getProperty(GetEffectivePogoPropertySite.java:82) [groovy-all-2.3.11.jar:2.3.11]
Ö	at org.codehaus.groovy.runtime.callsite.AbstractCallSite.callGetProperty(AbstractCallSite.java:227) ~[groovy-all-2.3.11.jar:2.3.11]
s	at geb.mobile.GebMobileInnerNavigatorFactory.<init>(GebMobileInnerNavigatorFactory.groovy:76) [geb-mobile.jar:na]
Y	at sun.reflect.NativeConstructorAccessorImpl.newInstance0(Native Method) [na:1.8.0_151]
p	at sun.reflect.NativeConstructorAccessorImpl.newInstance(NativeConstructorAccessorImpl.java:62) [na:1.8.0_151]
x	at sun.reflect.DelegatingConstructorAccessorImpl.newInstance(DelegatingConstructorAccessorImpl.java:45) [na:1.8.0_151]
S	at java.lang.reflect.Constructor.newInstance(Constructor.java:423) [na:1.8.0_151]
v	at org.codehaus.groovy.reflection.CachedConstructor.invoke(CachedConstructor.java:77) [groovy-all-2.3.11.jar:2.3.11]
¢	at org.codehaus.groovy.runtime.callsite.ConstructorSite$ConstructorSiteNoUnwrapNoCoerce.callConstructor(ConstructorSite.java:102) [groovy-all-2.3.11.jar:2.3.11]
Ö	at org.codehaus.groovy.runtime.callsite.CallSiteArray.defaultCallConstructor(CallSiteArray.java:57) ~[groovy-all-2.3.11.jar:2.3.11]
Ö	at org.codehaus.groovy.runtime.callsite.AbstractCallSite.callConstructor(AbstractCallSite.java:182) ~[groovy-all-2.3.11.jar:2.3.11]
Ö	at org.codehaus.groovy.runtime.callsite.AbstractCallSite.callConstructor(AbstractCallSite.java:190) ~[groovy-all-2.3.11.jar:2.3.11]
i	at geb.mobile.GebMobileNavigatorFactory.<init>(GebMobileNavigatorFactory.groovy:29) [geb-mobile.jar:na]
Y	at sun.reflect.NativeConstructorAccessorImpl.newInstance0(Native Method) [na:1.8.0_151]
p	at sun.reflect.NativeConstructorAccessorImpl.newInstance(NativeConstructorAccessorImpl.java:62) [na:1.8.0_151]
x	at sun.reflect.DelegatingConstructorAccessorImpl.newInstance(DelegatingConstructorAccessorImpl.java:45) [na:1.8.0_151]
S	at java.lang.reflect.Constructor.newInstance(Constructor.java:423) [na:1.8.0_151]
v	at org.codehaus.groovy.reflection.CachedConstructor.invoke(CachedConstructor.java:77) [groovy-all-2.3.11.jar:2.3.11]
¢	at org.codehaus.groovy.runtime.callsite.ConstructorSite$ConstructorSiteNoUnwrapNoCoerce.callConstructor(ConstructorSite.java:102) [groovy-all-2.3.11.jar:2.3.11]
Ö	at org.codehaus.groovy.runtime.callsite.CallSiteArray.defaultCallConstructor(CallSiteArray.java:57) ~[groovy-all-2.3.11.jar:2.3.11]
Ö	at org.codehaus.groovy.runtime.callsite.AbstractCallSite.callConstructor(AbstractCallSite.java:182) ~[groovy-all-2.3.11.jar:2.3.11]
Ö	at org.codehaus.groovy.runtime.callsite.AbstractCallSite.callConstructor(AbstractCallSite.java:190) ~[groovy-all-2.3.11.jar:2.3.11]
j	at script1520016907581363379674$_run_closure2.doCall(script1520016907581363379674.groovy:13) [script:na]
P	at sun.reflect.NativeMethodAccessorImpl.invoke0(Native Method) ~[na:1.8.0_151]
b	at sun.reflect.NativeMethodAccessorImpl.invoke(NativeMethodAccessorImpl.java:62) ~[na:1.8.0_151]
j	at sun.reflect.DelegatingMethodAccessorImpl.invoke(DelegatingMethodAccessorImpl.java:43) ~[na:1.8.0_151]
E	at java.lang.reflect.Method.invoke(Method.java:498) ~[na:1.8.0_151]
l	at org.codehaus.groovy.reflection.CachedMethod.invoke(CachedMethod.java:90) [groovy-all-2.3.11.jar:2.3.11]
^	at groovy.lang.MetaMethod.doMethodInvoke(MetaMethod.java:324) [groovy-all-2.3.11.jar:2.3.11]
Ç	at org.codehaus.groovy.runtime.metaclass.ClosureMetaClass.invokeMethod(ClosureMetaClass.java:292) [groovy-all-2.3.11.jar:2.3.11]
c	at groovy.lang.MetaClassImpl.invokeMethod(MetaClassImpl.java:1015) [groovy-all-2.3.11.jar:2.3.11]
z	at org.codehaus.groovy.runtime.callsite.PogoMetaClassSite.call(PogoMetaClassSite.java:39) [groovy-all-2.3.11.jar:2.3.11]
z	at org.codehaus.groovy.runtime.callsite.CallSiteArray.defaultCall(CallSiteArray.java:45) ~[groovy-all-2.3.11.jar:2.3.11]
z	at org.codehaus.groovy.runtime.callsite.AbstractCallSite.call(AbstractCallSite.java:108) ~[groovy-all-2.3.11.jar:2.3.11]
z	at org.codehaus.groovy.runtime.callsite.AbstractCallSite.call(AbstractCallSite.java:116) ~[groovy-all-2.3.11.jar:2.3.11]
]	at geb.Configuration.createNavigatorFactory(Configuration.groovy:420) [geb-core-2.0.jar:na]
X	at geb.Configuration$createNavigatorFactory.call(Unknown Source) [geb-core-2.0.jar:na]
z	at org.codehaus.groovy.runtime.callsite.CallSiteArray.defaultCall(CallSiteArray.java:45) ~[groovy-all-2.3.11.jar:2.3.11]
z	at org.codehaus.groovy.runtime.callsite.AbstractCallSite.call(AbstractCallSite.java:108) ~[groovy-all-2.3.11.jar:2.3.11]
z	at org.codehaus.groovy.runtime.callsite.AbstractCallSite.call(AbstractCallSite.java:116) ~[groovy-all-2.3.11.jar:2.3.11]
Q	at geb.Browser.createNavigatorFactory(Browser.groovy:133) [geb-core-2.0.jar:na]
N	at geb.Browser.getNavigatorFactory(Browser.groovy:121) [geb-core-2.0.jar:na]
P	at sun.reflect.NativeMethodAccessorImpl.invoke0(Native Method) ~[na:1.8.0_151]
b	at sun.reflect.NativeMethodAccessorImpl.invoke(NativeMethodAccessorImpl.java:62) ~[na:1.8.0_151]
j	at sun.reflect.DelegatingMethodAccessorImpl.invoke(DelegatingMethodAccessorImpl.java:43) ~[na:1.8.0_151]
E	at java.lang.reflect.Method.invoke(Method.java:498) ~[na:1.8.0_151]
l	at org.codehaus.groovy.reflection.CachedMethod.invoke(CachedMethod.java:90) [groovy-all-2.3.11.jar:2.3.11]
^	at groovy.lang.MetaMethod.doMethodInvoke(MetaMethod.java:324) [groovy-all-2.3.11.jar:2.3.11]
û	at org.codehaus.groovy.runtime.metaclass.MethodMetaProperty$GetBeanMethodMetaProperty.getProperty(MethodMetaProperty.java:73) [groovy-all-2.3.11.jar:2.3.11]
ó	at org.codehaus.groovy.runtime.callsite.GetEffectivePogoPropertySite.getProperty(GetEffectivePogoPropertySite.java:82) [groovy-all-2.3.11.jar:2.3.11]
ë	at org.codehaus.groovy.runtime.callsite.AbstractCallSite.callGroovyObjectGetProperty(AbstractCallSite.java:231) ~[groovy-all-2.3.11.jar:2.3.11]
9	at geb.Page.init(Page.groovy:144) [geb-core-2.0.jar:na]
=	at geb.Page$init.call(Unknown Source) [geb-core-2.0.jar:na]
z	at org.codehaus.groovy.runtime.callsite.CallSiteArray.defaultCall(CallSiteArray.java:45) ~[groovy-all-2.3.11.jar:2.3.11]
z	at org.codehaus.groovy.runtime.callsite.AbstractCallSite.call(AbstractCallSite.java:108) ~[groovy-all-2.3.11.jar:2.3.11]
z	at org.codehaus.groovy.runtime.callsite.AbstractCallSite.call(AbstractCallSite.java:116) ~[groovy-all-2.3.11.jar:2.3.11]
E	at geb.Browser.createPage(Browser.groovy:859) [geb-core-2.0.jar:na]
=	at geb.Browser.at(Browser.groovy:339) [geb-core-2.0.jar:na]
P	at sun.reflect.NativeMethodAccessorImpl.invoke0(Native Method) ~[na:1.8.0_151]
b	at sun.reflect.NativeMethodAccessorImpl.invoke(NativeMethodAccessorImpl.java:62) ~[na:1.8.0_151]
j	at sun.reflect.DelegatingMethodAccessorImpl.invoke(DelegatingMethodAccessorImpl.java:43) ~[na:1.8.0_151]
E	at java.lang.reflect.Method.invoke(Method.java:498) ~[na:1.8.0_151]
l	at org.codehaus.groovy.reflection.CachedMethod.invoke(CachedMethod.java:90) [groovy-all-2.3.11.jar:2.3.11]
^	at groovy.lang.MetaMethod.doMethodInvoke(MetaMethod.java:324) [groovy-all-2.3.11.jar:2.3.11]
c	at groovy.lang.MetaClassImpl.invokeMethod(MetaClassImpl.java:1206) [groovy-all-2.3.11.jar:2.3.11]
c	at groovy.lang.MetaClassImpl.invokeMethod(MetaClassImpl.java:1015) [groovy-all-2.3.11.jar:2.3.11]
v	at org.codehaus.groovy.runtime.InvokerHelper.invokePogoMethod(InvokerHelper.java:901) [groovy-all-2.3.11.jar:2.3.11]
r	at org.codehaus.groovy.runtime.InvokerHelper.invokeMethod(InvokerHelper.java:884) [groovy-all-2.3.11.jar:2.3.11]
É	at org.codehaus.groovy.runtime.ScriptBytecodeAdapter.invokeMethodN(ScriptBytecodeAdapter.java:166) [groovy-all-2.3.11.jar:2.3.11]
N	at geb.spock.GebSpec.methodMissing(GebSpec.groovy:56) [geb-spock-2.0.jar:na]
P	at sun.reflect.NativeMethodAccessorImpl.invoke0(Native Method) ~[na:1.8.0_151]
b	at sun.reflect.NativeMethodAccessorImpl.invoke(NativeMethodAccessorImpl.java:62) ~[na:1.8.0_151]
j	at sun.reflect.DelegatingMethodAccessorImpl.invoke(DelegatingMethodAccessorImpl.java:43) ~[na:1.8.0_151]
E	at java.lang.reflect.Method.invoke(Method.java:498) ~[na:1.8.0_151]
l	at org.codehaus.groovy.reflection.CachedMethod.invoke(CachedMethod.java:90) [groovy-all-2.3.11.jar:2.3.11]
i	at groovy.lang.MetaClassImpl.invokeMissingMethod(MetaClassImpl.java:932) [groovy-all-2.3.11.jar:2.3.11]
n	at groovy.lang.MetaClassImpl.invokePropertyOrMissing(MetaClassImpl.java:1255) [groovy-all-2.3.11.jar:2.3.11]
c	at groovy.lang.MetaClassImpl.invokeMethod(MetaClassImpl.java:1208) [groovy-all-2.3.11.jar:2.3.11]
c	at groovy.lang.MetaClassImpl.invokeMethod(MetaClassImpl.java:1015) [groovy-all-2.3.11.jar:2.3.11]
Å	at org.codehaus.groovy.runtime.callsite.PogoMetaClassSite.callCurrent(PogoMetaClassSite.java:66) [groovy-all-2.3.11.jar:2.3.11]
Å	at org.codehaus.groovy.runtime.callsite.CallSiteArray.defaultCallCurrent(CallSiteArray.java:49) ~[groovy-all-2.3.11.jar:2.3.11]
Å	at org.codehaus.groovy.runtime.callsite.AbstractCallSite.callCurrent(AbstractCallSite.java:133) ~[groovy-all-2.3.11.jar:2.3.11]
Å	at org.codehaus.groovy.runtime.callsite.AbstractCallSite.callCurrent(AbstractCallSite.java:141) ~[groovy-all-2.3.11.jar:2.3.11]
ò	at geb.mobile.android.specification.GebMobileAutomationTestWithPagesSpec.$spock_feature_2_0(GebMobileAutomationTestWithPagesSpec.groovy:34) [test/:na]
P	at sun.reflect.NativeMethodAccessorImpl.invoke0(Native Method) ~[na:1.8.0_151]
b	at sun.reflect.NativeMethodAccessorImpl.invoke(NativeMethodAccessorImpl.java:62) ~[na:1.8.0_151]
j	at sun.reflect.DelegatingMethodAccessorImpl.invoke(DelegatingMethodAccessorImpl.java:43) ~[na:1.8.0_151]
E	at java.lang.reflect.Method.invoke(Method.java:498) ~[na:1.8.0_151]
t	at org.spockframework.util.ReflectionUtil.invokeMethod(ReflectionUtil.java:153) [spock-core-1.0-groovy-2.3.jar:na]
n	at org.spockframework.runtime.model.MethodInfo.invoke(MethodInfo.java:84) [spock-core-1.0-groovy-2.3.jar:na]
	at org.spockframework.runtime.extension.MethodInvocation.proceed(MethodInvocation.java:88) [spock-core-1.0-groovy-2.3.jar:na]
ò	at org.spockframework.runtime.extension.builtin.AbstractRuleInterceptor$1.evaluate(AbstractRuleInterceptor.java:37) [spock-core-1.0-groovy-2.3.jar:na]
P	at sun.reflect.NativeMethodAccessorImpl.invoke0(Native Method) ~[na:1.8.0_151]
b	at sun.reflect.NativeMethodAccessorImpl.invoke(NativeMethodAccessorImpl.java:62) ~[na:1.8.0_151]
j	at sun.reflect.DelegatingMethodAccessorImpl.invoke(DelegatingMethodAccessorImpl.java:43) ~[na:1.8.0_151]
E	at java.lang.reflect.Method.invoke(Method.java:498) ~[na:1.8.0_151]
§	at org.codehaus.groovy.runtime.callsite.PojoMetaMethodSite$PojoCachedMethodSiteNoUnwrapNoCoerce.invoke(PojoMetaMethodSite.java:230) [groovy-all-2.3.11.jar:2.3.11]
|	at org.codehaus.groovy.runtime.callsite.PojoMetaMethodSite.call(PojoMetaMethodSite.java:53) [groovy-all-2.3.11.jar:2.3.11]
z	at org.codehaus.groovy.runtime.callsite.CallSiteArray.defaultCall(CallSiteArray.java:45) ~[groovy-all-2.3.11.jar:2.3.11]
z	at org.codehaus.groovy.runtime.callsite.AbstractCallSite.call(AbstractCallSite.java:108) ~[groovy-all-2.3.11.jar:2.3.11]
z	at org.codehaus.groovy.runtime.callsite.AbstractCallSite.call(AbstractCallSite.java:112) ~[groovy-all-2.3.11.jar:2.3.11]
p	at geb.mobile.helper.GebMobileScreenshotRule$1.evaluate(GebMobileScreenshotRule.groovy:85) [geb-mobile.jar:na]
ì	at org.spockframework.runtime.extension.builtin.MethodRuleInterceptor.intercept(MethodRuleInterceptor.java:40) [spock-core-1.0-groovy-2.3.jar:na]
	at org.spockframework.runtime.extension.MethodInvocation.proceed(MethodInvocation.java:87) [spock-core-1.0-groovy-2.3.jar:na]
q	at org.spockframework.runtime.BaseSpecRunner.invoke(BaseSpecRunner.java:471) [spock-core-1.0-groovy-2.3.jar:na]
{	at org.spockframework.runtime.BaseSpecRunner.runFeatureMethod(BaseSpecRunner.java:405) [spock-core-1.0-groovy-2.3.jar:na]
y	at org.spockframework.runtime.BaseSpecRunner.doRunIteration(BaseSpecRunner.java:324) [spock-core-1.0-groovy-2.3.jar:na]
s	at org.spockframework.runtime.BaseSpecRunner$6.invoke(BaseSpecRunner.java:309) [spock-core-1.0-groovy-2.3.jar:na]
t	at org.spockframework.runtime.BaseSpecRunner.invokeRaw(BaseSpecRunner.java:480) [spock-core-1.0-groovy-2.3.jar:na]
q	at org.spockframework.runtime.BaseSpecRunner.invoke(BaseSpecRunner.java:463) [spock-core-1.0-groovy-2.3.jar:na]
w	at org.spockframework.runtime.BaseSpecRunner.runIteration(BaseSpecRunner.java:288) [spock-core-1.0-groovy-2.3.jar:na]
Ñ	at org.spockframework.runtime.BaseSpecRunner.initializeAndRunIteration(BaseSpecRunner.java:278) [spock-core-1.0-groovy-2.3.jar:na]
{	at org.spockframework.runtime.BaseSpecRunner.runSimpleFeature(BaseSpecRunner.java:269) [spock-core-1.0-groovy-2.3.jar:na]
w	at org.spockframework.runtime.BaseSpecRunner.doRunFeature(BaseSpecRunner.java:263) [spock-core-1.0-groovy-2.3.jar:na]
s	at org.spockframework.runtime.BaseSpecRunner$5.invoke(BaseSpecRunner.java:246) [spock-core-1.0-groovy-2.3.jar:na]
t	at org.spockframework.runtime.BaseSpecRunner.invokeRaw(BaseSpecRunner.java:480) [spock-core-1.0-groovy-2.3.jar:na]
q	at org.spockframework.runtime.BaseSpecRunner.invoke(BaseSpecRunner.java:463) [spock-core-1.0-groovy-2.3.jar:na]
u	at org.spockframework.runtime.BaseSpecRunner.runFeature(BaseSpecRunner.java:238) [spock-core-1.0-groovy-2.3.jar:na]
v	at org.spockframework.runtime.BaseSpecRunner.runFeatures(BaseSpecRunner.java:188) [spock-core-1.0-groovy-2.3.jar:na]
s	at org.spockframework.runtime.BaseSpecRunner.doRunSpec(BaseSpecRunner.java:98) [spock-core-1.0-groovy-2.3.jar:na]
r	at org.spockframework.runtime.BaseSpecRunner$1.invoke(BaseSpecRunner.java:84) [spock-core-1.0-groovy-2.3.jar:na]
t	at org.spockframework.runtime.BaseSpecRunner.invokeRaw(BaseSpecRunner.java:480) [spock-core-1.0-groovy-2.3.jar:na]
q	at org.spockframework.runtime.BaseSpecRunner.invoke(BaseSpecRunner.java:463) [spock-core-1.0-groovy-2.3.jar:na]
q	at org.spockframework.runtime.BaseSpecRunner.runSpec(BaseSpecRunner.java:76) [spock-core-1.0-groovy-2.3.jar:na]
m	at org.spockframework.runtime.BaseSpecRunner.run(BaseSpecRunner.java:67) [spock-core-1.0-groovy-2.3.jar:na]
_	at org.spockframework.runtime.Sputnik.run(Sputnik.java:63) [spock-core-1.0-groovy-2.3.jar:na]
ö	at org.gradle.api.internal.tasks.testing.junit.JUnitTestClassExecuter.runTestClass(JUnitTestClassExecuter.java:114) [gradle-testing-jvm-4.3.1.jar:4.3.1]
î	at org.gradle.api.internal.tasks.testing.junit.JUnitTestClassExecuter.execute(JUnitTestClassExecuter.java:57) [gradle-testing-jvm-4.3.1.jar:4.3.1]
ü	at org.gradle.api.internal.tasks.testing.junit.JUnitTestClassProcessor.processTestClass(JUnitTestClassProcessor.java:66) [gradle-testing-jvm-4.3.1.jar:4.3.1]
ö	at org.gradle.api.internal.tasks.testing.SuiteTestClassProcessor.processTestClass(SuiteTestClassProcessor.java:51) [gradle-testing-base-4.3.1.jar:4.3.1]
P	at sun.reflect.NativeMethodAccessorImpl.invoke0(Native Method) ~[na:1.8.0_151]
b	at sun.reflect.NativeMethodAccessorImpl.invoke(NativeMethodAccessorImpl.java:62) ~[na:1.8.0_151]
j	at sun.reflect.DelegatingMethodAccessorImpl.invoke(DelegatingMethodAccessorImpl.java:43) ~[na:1.8.0_151]
E	at java.lang.reflect.Method.invoke(Method.java:498) ~[na:1.8.0_151]
|	at org.gradle.internal.dispatch.ReflectionDispatch.dispatch(ReflectionDispatch.java:35) [gradle-messaging-4.3.1.jar:4.3.1]
|	at org.gradle.internal.dispatch.ReflectionDispatch.dispatch(ReflectionDispatch.java:24) [gradle-messaging-4.3.1.jar:4.3.1]
å	at org.gradle.internal.dispatch.ContextClassLoaderDispatch.dispatch(ContextClassLoaderDispatch.java:32) [gradle-messaging-4.3.1.jar:4.3.1]
õ	at org.gradle.internal.dispatch.ProxyDispatchAdapter$DispatchingInvocationHandler.invoke(ProxyDispatchAdapter.java:93) [gradle-messaging-4.3.1.jar:4.3.1]
C	at com.sun.proxy.$Proxy3.processTestClass(Unknown Source) [na:na]
à	at org.gradle.api.internal.tasks.testing.worker.TestWorker.processTestClass(TestWorker.java:108) [gradle-testing-base-4.3.1.jar:4.3.1]
P	at sun.reflect.NativeMethodAccessorImpl.invoke0(Native Method) ~[na:1.8.0_151]
b	at sun.reflect.NativeMethodAccessorImpl.invoke(NativeMethodAccessorImpl.java:62) ~[na:1.8.0_151]
j	at sun.reflect.DelegatingMethodAccessorImpl.invoke(DelegatingMethodAccessorImpl.java:43) ~[na:1.8.0_151]
E	at java.lang.reflect.Method.invoke(Method.java:498) ~[na:1.8.0_151]
|	at org.gradle.internal.dispatch.ReflectionDispatch.dispatch(ReflectionDispatch.java:35) [gradle-messaging-4.3.1.jar:4.3.1]
|	at org.gradle.internal.dispatch.ReflectionDispatch.dispatch(ReflectionDispatch.java:24) [gradle-messaging-4.3.1.jar:4.3.1]
¥	at org.gradle.internal.remote.internal.hub.MessageHubBackedObjectConnection$DispatchWrapper.dispatch(MessageHubBackedObjectConnection.java:146) [gradle-messaging-4.3.1.jar:4.3.1]
¥	at org.gradle.internal.remote.internal.hub.MessageHubBackedObjectConnection$DispatchWrapper.dispatch(MessageHubBackedObjectConnection.java:128) [gradle-messaging-4.3.1.jar:4.3.1]
{	at org.gradle.internal.remote.internal.hub.MessageHub$Handler.run(MessageHub.java:404) [gradle-messaging-4.3.1.jar:4.3.1]
í	at org.gradle.internal.concurrent.ExecutorPolicy$CatchAndRecordFailures.onExecute(ExecutorPolicy.java:63) [gradle-base-services-4.3.1.jar:4.3.1]
Å	at org.gradle.internal.concurrent.ManagedExecutorImpl$1.run(ManagedExecutorImpl.java:46) [gradle-base-services-4.3.1.jar:4.3.1]
c	at java.util.concurrent.ThreadPoolExecutor.runWorker(ThreadPoolExecutor.java:1149) [na:1.8.0_151]
c	at java.util.concurrent.ThreadPoolExecutor$Worker.run(ThreadPoolExecutor.java:624) [na:1.8.0_151]
ë	at org.gradle.internal.concurrent.ThreadFactoryImpl$ManagedThreadRunnable.run(ThreadFactoryImpl.java:55) [gradle-base-services-4.3.1.jar:4.3.1]
9	at java.lang.Thread.run(Thread.java:748) [na:1.8.0_151]
»10:55:11.507 [Test worker] WARN  g.m.helper.GebMobileScreenshotRule - Caugth exception: failed to create driver from callback 'script1520016907581363379674$_run_closure1@1248f435' --> take screenshot
p10:55:11.518 [Test worker] INFO  g.m.helper.GebMobileScreenshotRule - ------The screenshot is at: ./screenshots
}10:55:11.566 [Test worker] INFO  g.m.driver.GebMobileDriverFactory - Create Mobile Driver Instance for Framework appium ... 
10:55:11.567 [Test worker] INFO  g.m.driver.GebMobileDriverFactory - setting appium property: appium_deviceName , Google Pixel
|10:55:11.568 [Test worker] INFO  g.m.driver.GebMobileDriverFactory - setting appium property: appium_platformName , Android
ÿ10:55:11.568 [Test worker] INFO  g.m.driver.GebMobileDriverFactory - setting appium property: appium_app , /Users/shellyhan/Desktop/SIA/secure-image-android/functionalTesting/geb-mobile/demo_apps/WikipediaSample.apk
{10:55:11.569 [Test worker] INFO  g.m.driver.GebMobileDriverFactory - setting appium property: appium_platformVersion , 7.1
c10:55:11.570 [Test worker] INFO  g.m.driver.GebMobileDriverFactory - Create Appium Android Driver 
◊10:55:12.201 [Test worker] ERROR g.m.driver.GebMobileDriverFactory - eXC: Invalid [app] capability. Pass the valid app_url, custom_id or shareable_id (WARNING: The server did not provide any stacktrace information)
.Command duration or timeout: 604 milliseconds
WBuild info: version: '3.8.1', revision: '6e95a6684b', time: '2017-12-01T18:33:54.468Z'
∏System info: host: 'MacBook-Pro.hitronhub.home', ip: 'fd00:f0f2:49e5:f32:8083:7291:4949:6fb8', os.name: 'Mac OS X', os.arch: 'x86_64', os.version: '10.12.6', java.version: '1.8.0_151'
+Driver info: driver.version: AndroidDriver
µorg.openqa.selenium.WebDriverException: Invalid [app] capability. Pass the valid app_url, custom_id or shareable_id (WARNING: The server did not provide any stacktrace information)
.Command duration or timeout: 604 milliseconds
WBuild info: version: '3.8.1', revision: '6e95a6684b', time: '2017-12-01T18:33:54.468Z'
∏System info: host: 'MacBook-Pro.hitronhub.home', ip: 'fd00:f0f2:49e5:f32:8083:7291:4949:6fb8', os.name: 'Mac OS X', os.arch: 'x86_64', os.version: '10.12.6', java.version: '1.8.0_151'
+Driver info: driver.version: AndroidDriver
Z	at sun.reflect.NativeConstructorAccessorImpl.newInstance0(Native Method) ~[na:1.8.0_151]
q	at sun.reflect.NativeConstructorAccessorImpl.newInstance(NativeConstructorAccessorImpl.java:62) ~[na:1.8.0_151]
y	at sun.reflect.DelegatingConstructorAccessorImpl.newInstance(DelegatingConstructorAccessorImpl.java:45) ~[na:1.8.0_151]
T	at java.lang.reflect.Constructor.newInstance(Constructor.java:423) ~[na:1.8.0_151]
z	at org.openqa.selenium.remote.ErrorHandler.createThrowable(ErrorHandler.java:214) ~[selenium-remote-driver-3.8.1.jar:na]
Ä	at org.openqa.selenium.remote.ErrorHandler.throwIfResponseFailed(ErrorHandler.java:166) ~[selenium-remote-driver-3.8.1.jar:na]
é	at org.openqa.selenium.remote.JsonWireProtocolResponse.lambda$new$0(JsonWireProtocolResponse.java:53) ~[selenium-remote-driver-3.8.1.jar:na]
û	at org.openqa.selenium.remote.JsonWireProtocolResponse.lambda$getResponseFunction$2(JsonWireProtocolResponse.java:91) ~[selenium-remote-driver-3.8.1.jar:na]
ã	at org.openqa.selenium.remote.ProtocolHandshake.lambda$createSession$0(ProtocolHandshake.java:123) ~[selenium-remote-driver-3.8.1.jar:na]
^	at java.util.stream.ReferencePipeline$3$1.accept(ReferencePipeline.java:193) ~[na:1.8.0_151]
^	at java.util.Spliterators$ArraySpliterator.tryAdvance(Spliterators.java:958) ~[na:1.8.0_151]
e	at java.util.stream.ReferencePipeline.forEachWithCancel(ReferencePipeline.java:126) ~[na:1.8.0_151]
d	at java.util.stream.AbstractPipeline.copyIntoWithCancel(AbstractPipeline.java:498) ~[na:1.8.0_151]
Z	at java.util.stream.AbstractPipeline.copyInto(AbstractPipeline.java:485) ~[na:1.8.0_151]
a	at java.util.stream.AbstractPipeline.wrapAndCopyInto(AbstractPipeline.java:471) ~[na:1.8.0_151]
Y	at java.util.stream.FindOps$FindOp.evaluateSequential(FindOps.java:152) ~[na:1.8.0_151]
Z	at java.util.stream.AbstractPipeline.evaluate(AbstractPipeline.java:234) ~[na:1.8.0_151]
]	at java.util.stream.ReferencePipeline.findFirst(ReferencePipeline.java:464) ~[na:1.8.0_151]
Ç	at org.openqa.selenium.remote.ProtocolHandshake.createSession(ProtocolHandshake.java:126) ~[selenium-remote-driver-3.8.1.jar:na]
Å	at org.openqa.selenium.remote.ProtocolHandshake.createSession(ProtocolHandshake.java:73) ~[selenium-remote-driver-3.8.1.jar:na]
Ä	at org.openqa.selenium.remote.HttpCommandExecutor.execute(HttpCommandExecutor.java:142) ~[selenium-remote-driver-3.8.1.jar:na]
z	at io.appium.java_client.remote.AppiumCommandExecutor.execute(AppiumCommandExecutor.java:89) ~[java-client-5.0.4.jar:na]
x	at org.openqa.selenium.remote.RemoteWebDriver.execute(RemoteWebDriver.java:601) ~[selenium-remote-driver-3.8.1.jar:na]
}	at io.appium.java_client.DefaultGenericMobileDriver.execute(DefaultGenericMobileDriver.java:42) ~[java-client-5.0.4.jar:na]
`	at io.appium.java_client.AppiumDriver.execute(AppiumDriver.java:1) ~[java-client-5.0.4.jar:na]
j	at io.appium.java_client.android.AndroidDriver.execute(AndroidDriver.java:1) ~[java-client-5.0.4.jar:na]
}	at org.openqa.selenium.remote.RemoteWebDriver.startSession(RemoteWebDriver.java:219) ~[selenium-remote-driver-3.8.1.jar:na]
w	at org.openqa.selenium.remote.RemoteWebDriver.<init>(RemoteWebDriver.java:142) ~[selenium-remote-driver-3.8.1.jar:na]
|	at io.appium.java_client.DefaultGenericMobileDriver.<init>(DefaultGenericMobileDriver.java:38) ~[java-client-5.0.4.jar:na]
`	at io.appium.java_client.AppiumDriver.<init>(AppiumDriver.java:83) ~[java-client-5.0.4.jar:na]
`	at io.appium.java_client.AppiumDriver.<init>(AppiumDriver.java:93) ~[java-client-5.0.4.jar:na]
j	at io.appium.java_client.android.AndroidDriver.<init>(AndroidDriver.java:72) ~[java-client-5.0.4.jar:na]
Z	at sun.reflect.NativeConstructorAccessorImpl.newInstance0(Native Method) ~[na:1.8.0_151]
q	at sun.reflect.NativeConstructorAccessorImpl.newInstance(NativeConstructorAccessorImpl.java:62) ~[na:1.8.0_151]
y	at sun.reflect.DelegatingConstructorAccessorImpl.newInstance(DelegatingConstructorAccessorImpl.java:45) ~[na:1.8.0_151]
T	at java.lang.reflect.Constructor.newInstance(Constructor.java:423) ~[na:1.8.0_151]
w	at org.codehaus.groovy.reflection.CachedConstructor.invoke(CachedConstructor.java:77) ~[groovy-all-2.3.11.jar:2.3.11]
£	at org.codehaus.groovy.runtime.callsite.ConstructorSite$ConstructorSiteNoUnwrapNoCoerce.callConstructor(ConstructorSite.java:102) ~[groovy-all-2.3.11.jar:2.3.11]
Ñ	at org.codehaus.groovy.runtime.callsite.AbstractCallSite.callConstructor(AbstractCallSite.java:194) [groovy-all-2.3.11.jar:2.3.11]
	at geb.mobile.driver.GebMobileDriverFactory.createMobileDriverInstance(GebMobileDriverFactory.groovy:80) ~[geb-mobile.jar:na]
f	at geb.mobile.driver.GebMobileDriverFactory$createMobileDriverInstance.call(Unknown Source) ~[na:na]
f	at script1520016907581363379674$_run_closure1.doCall(script1520016907581363379674.groovy:9) ~[na:na]
d	at script1520016907581363379674$_run_closure1.doCall(script1520016907581363379674.groovy) ~[na:na]
P	at sun.reflect.NativeMethodAccessorImpl.invoke0(Native Method) ~[na:1.8.0_151]
b	at sun.reflect.NativeMethodAccessorImpl.invoke(NativeMethodAccessorImpl.java:62) ~[na:1.8.0_151]
j	at sun.reflect.DelegatingMethodAccessorImpl.invoke(DelegatingMethodAccessorImpl.java:43) ~[na:1.8.0_151]
E	at java.lang.reflect.Method.invoke(Method.java:498) ~[na:1.8.0_151]
m	at org.codehaus.groovy.reflection.CachedMethod.invoke(CachedMethod.java:90) ~[groovy-all-2.3.11.jar:2.3.11]
^	at groovy.lang.MetaMethod.doMethodInvoke(MetaMethod.java:324) [groovy-all-2.3.11.jar:2.3.11]
Ç	at org.codehaus.groovy.runtime.metaclass.ClosureMetaClass.invokeMethod(ClosureMetaClass.java:292) [groovy-all-2.3.11.jar:2.3.11]
c	at groovy.lang.MetaClassImpl.invokeMethod(MetaClassImpl.java:1015) [groovy-all-2.3.11.jar:2.3.11]
v	at org.codehaus.groovy.runtime.InvokerHelper.invokePogoMethod(InvokerHelper.java:901) [groovy-all-2.3.11.jar:2.3.11]
r	at org.codehaus.groovy.runtime.InvokerHelper.invokeMethod(InvokerHelper.java:884) [groovy-all-2.3.11.jar:2.3.11]
É	at org.codehaus.groovy.runtime.ScriptBytecodeAdapter.invokeMethodN(ScriptBytecodeAdapter.java:166) [groovy-all-2.3.11.jar:2.3.11]
É	at org.codehaus.groovy.runtime.ScriptBytecodeAdapter.invokeClosure(ScriptBytecodeAdapter.java:572) [groovy-all-2.3.11.jar:2.3.11]
f	at geb.driver.CallbackDriverFactory.getDriver(CallbackDriverFactory.groovy:29) [geb-core-2.0.jar:na]
P	at sun.reflect.NativeMethodAccessorImpl.invoke0(Native Method) ~[na:1.8.0_151]
b	at sun.reflect.NativeMethodAccessorImpl.invoke(NativeMethodAccessorImpl.java:62) ~[na:1.8.0_151]
j	at sun.reflect.DelegatingMethodAccessorImpl.invoke(DelegatingMethodAccessorImpl.java:43) ~[na:1.8.0_151]
E	at java.lang.reflect.Method.invoke(Method.java:498) ~[na:1.8.0_151]
m	at org.codehaus.groovy.reflection.CachedMethod.invoke(CachedMethod.java:90) ~[groovy-all-2.3.11.jar:2.3.11]
^	at groovy.lang.MetaMethod.doMethodInvoke(MetaMethod.java:324) [groovy-all-2.3.11.jar:2.3.11]
û	at org.codehaus.groovy.runtime.metaclass.MethodMetaProperty$GetBeanMethodMetaProperty.getProperty(MethodMetaProperty.java:73) [groovy-all-2.3.11.jar:2.3.11]
õ	at org.codehaus.groovy.runtime.callsite.GetEffectivePogoPropertySite.callGetProperty(GetEffectivePogoPropertySite.java:45) [groovy-all-2.3.11.jar:2.3.11]
u	at geb.driver.CachingDriverFactory$_getDriver_closure3.doCall(CachingDriverFactory.groovy:85) [geb-core-2.0.jar:na]
r	at geb.driver.CachingDriverFactory$_getDriver_closure3.doCall(CachingDriverFactory.groovy) [geb-core-2.0.jar:na]
P	at sun.reflect.NativeMethodAccessorImpl.invoke0(Native Method) ~[na:1.8.0_151]
b	at sun.reflect.NativeMethodAccessorImpl.invoke(NativeMethodAccessorImpl.java:62) ~[na:1.8.0_151]
j	at sun.reflect.DelegatingMethodAccessorImpl.invoke(DelegatingMethodAccessorImpl.java:43) ~[na:1.8.0_151]
E	at java.lang.reflect.Method.invoke(Method.java:498) ~[na:1.8.0_151]
m	at org.codehaus.groovy.reflection.CachedMethod.invoke(CachedMethod.java:90) ~[groovy-all-2.3.11.jar:2.3.11]
^	at groovy.lang.MetaMethod.doMethodInvoke(MetaMethod.java:324) [groovy-all-2.3.11.jar:2.3.11]
Ç	at org.codehaus.groovy.runtime.metaclass.ClosureMetaClass.invokeMethod(ClosureMetaClass.java:292) [groovy-all-2.3.11.jar:2.3.11]
c	at groovy.lang.MetaClassImpl.invokeMethod(MetaClassImpl.java:1015) [groovy-all-2.3.11.jar:2.3.11]
z	at org.codehaus.groovy.runtime.callsite.PogoMetaClassSite.call(PogoMetaClassSite.java:39) [groovy-all-2.3.11.jar:2.3.11]
y	at org.codehaus.groovy.runtime.callsite.AbstractCallSite.call(AbstractCallSite.java:112) [groovy-all-2.3.11.jar:2.3.11]
j	at geb.driver.CachingDriverFactory$SimpleCache.get(CachingDriverFactory.groovy:32) [geb-core-2.0.jar:na]
P	at sun.reflect.NativeMethodAccessorImpl.invoke0(Native Method) ~[na:1.8.0_151]
b	at sun.reflect.NativeMethodAccessorImpl.invoke(NativeMethodAccessorImpl.java:62) ~[na:1.8.0_151]
j	at sun.reflect.DelegatingMethodAccessorImpl.invoke(DelegatingMethodAccessorImpl.java:43) ~[na:1.8.0_151]
E	at java.lang.reflect.Method.invoke(Method.java:498) ~[na:1.8.0_151]
§	at org.codehaus.groovy.runtime.callsite.PogoMetaMethodSite$PogoCachedMethodSiteNoUnwrapNoCoerce.invoke(PogoMetaMethodSite.java:207) [groovy-all-2.3.11.jar:2.3.11]
|	at org.codehaus.groovy.runtime.callsite.PogoMetaMethodSite.call(PogoMetaMethodSite.java:68) [groovy-all-2.3.11.jar:2.3.11]
y	at org.codehaus.groovy.runtime.callsite.AbstractCallSite.call(AbstractCallSite.java:116) [groovy-all-2.3.11.jar:2.3.11]
d	at geb.driver.CachingDriverFactory.getDriver(CachingDriverFactory.groovy:84) [geb-core-2.0.jar:na]
P	at sun.reflect.NativeMethodAccessorImpl.invoke0(Native Method) ~[na:1.8.0_151]
b	at sun.reflect.NativeMethodAccessorImpl.invoke(NativeMethodAccessorImpl.java:62) ~[na:1.8.0_151]
j	at sun.reflect.DelegatingMethodAccessorImpl.invoke(DelegatingMethodAccessorImpl.java:43) ~[na:1.8.0_151]
E	at java.lang.reflect.Method.invoke(Method.java:498) ~[na:1.8.0_151]
m	at org.codehaus.groovy.reflection.CachedMethod.invoke(CachedMethod.java:90) ~[groovy-all-2.3.11.jar:2.3.11]
^	at groovy.lang.MetaMethod.doMethodInvoke(MetaMethod.java:324) [groovy-all-2.3.11.jar:2.3.11]
û	at org.codehaus.groovy.runtime.metaclass.MethodMetaProperty$GetBeanMethodMetaProperty.getProperty(MethodMetaProperty.java:73) [groovy-all-2.3.11.jar:2.3.11]
õ	at org.codehaus.groovy.runtime.callsite.GetEffectivePogoPropertySite.callGetProperty(GetEffectivePogoPropertySite.java:45) [groovy-all-2.3.11.jar:2.3.11]
S	at geb.Configuration.createDriver(Configuration.groovy:382) [geb-core-2.0.jar:na]
P	at geb.Configuration.getDriver(Configuration.groovy:371) [geb-core-2.0.jar:na]
P	at sun.reflect.NativeMethodAccessorImpl.invoke0(Native Method) ~[na:1.8.0_151]
b	at sun.reflect.NativeMethodAccessorImpl.invoke(NativeMethodAccessorImpl.java:62) ~[na:1.8.0_151]
j	at sun.reflect.DelegatingMethodAccessorImpl.invoke(DelegatingMethodAccessorImpl.java:43) ~[na:1.8.0_151]
E	at java.lang.reflect.Method.invoke(Method.java:498) ~[na:1.8.0_151]
m	at org.codehaus.groovy.reflection.CachedMethod.invoke(CachedMethod.java:90) ~[groovy-all-2.3.11.jar:2.3.11]
^	at groovy.lang.MetaMethod.doMethodInvoke(MetaMethod.java:324) [groovy-all-2.3.11.jar:2.3.11]
û	at org.codehaus.groovy.runtime.metaclass.MethodMetaProperty$GetBeanMethodMetaProperty.getProperty(MethodMetaProperty.java:73) [groovy-all-2.3.11.jar:2.3.11]
ß	at org.codehaus.groovy.runtime.callsite.GetEffectivePogoPropertySite.callGroovyObjectGetProperty(GetEffectivePogoPropertySite.java:65) [groovy-all-2.3.11.jar:2.3.11]
D	at geb.Browser.getDriver(Browser.groovy:111) [geb-core-2.0.jar:na]
P	at sun.reflect.NativeMethodAccessorImpl.invoke0(Native Method) ~[na:1.8.0_151]
b	at sun.reflect.NativeMethodAccessorImpl.invoke(NativeMethodAccessorImpl.java:62) ~[na:1.8.0_151]
j	at sun.reflect.DelegatingMethodAccessorImpl.invoke(DelegatingMethodAccessorImpl.java:43) ~[na:1.8.0_151]
E	at java.lang.reflect.Method.invoke(Method.java:498) ~[na:1.8.0_151]
m	at org.codehaus.groovy.reflection.CachedMethod.invoke(CachedMethod.java:90) ~[groovy-all-2.3.11.jar:2.3.11]
^	at groovy.lang.MetaMethod.doMethodInvoke(MetaMethod.java:324) [groovy-all-2.3.11.jar:2.3.11]
b	at groovy.lang.MetaClassImpl.getProperty(MetaClassImpl.java:1843) [groovy-all-2.3.11.jar:2.3.11]
b	at groovy.lang.MetaClassImpl.getProperty(MetaClassImpl.java:3689) [groovy-all-2.3.11.jar:2.3.11]
B	at geb.Browser.getProperty(Browser.groovy) [geb-core-2.0.jar:na]
q	at org.codehaus.groovy.runtime.InvokerHelper.getProperty(InvokerHelper.java:168) [groovy-all-2.3.11.jar:2.3.11]
Å	at org.codehaus.groovy.runtime.ScriptBytecodeAdapter.getProperty(ScriptBytecodeAdapter.java:454) [groovy-all-2.3.11.jar:2.3.11]
P	at geb.spock.GebSpec.propertyMissing(GebSpec.groovy:60) [geb-spock-2.0.jar:na]
P	at sun.reflect.NativeMethodAccessorImpl.invoke0(Native Method) ~[na:1.8.0_151]
b	at sun.reflect.NativeMethodAccessorImpl.invoke(NativeMethodAccessorImpl.java:62) ~[na:1.8.0_151]
j	at sun.reflect.DelegatingMethodAccessorImpl.invoke(DelegatingMethodAccessorImpl.java:43) ~[na:1.8.0_151]
E	at java.lang.reflect.Method.invoke(Method.java:498) ~[na:1.8.0_151]
m	at org.codehaus.groovy.reflection.CachedMethod.invoke(CachedMethod.java:90) ~[groovy-all-2.3.11.jar:2.3.11]
k	at groovy.lang.MetaClassImpl.invokeMissingProperty(MetaClassImpl.java:873) [groovy-all-2.3.11.jar:2.3.11]
e	at groovy.lang.MetaClassImpl$12.getProperty(MetaClassImpl.java:2017) [groovy-all-2.3.11.jar:2.3.11]
ó	at org.codehaus.groovy.runtime.callsite.GetEffectivePogoPropertySite.getProperty(GetEffectivePogoPropertySite.java:82) [groovy-all-2.3.11.jar:2.3.11]
ê	at org.codehaus.groovy.runtime.callsite.AbstractCallSite.callGroovyObjectGetProperty(AbstractCallSite.java:231) [groovy-all-2.3.11.jar:2.3.11]
g	at geb.mobile.GebMobileBaseSpec.getScreenShotAsImage(GebMobileBaseSpec.groovy:26) [geb-mobile.jar:na]
_	at geb.mobile.GebMobileBaseSpec$getScreenShotAsImage.call(Unknown Source) [geb-mobile.jar:na]
y	at org.codehaus.groovy.runtime.callsite.CallSiteArray.defaultCall(CallSiteArray.java:45) [groovy-all-2.3.11.jar:2.3.11]
y	at org.codehaus.groovy.runtime.callsite.AbstractCallSite.call(AbstractCallSite.java:108) [groovy-all-2.3.11.jar:2.3.11]
y	at org.codehaus.groovy.runtime.callsite.AbstractCallSite.call(AbstractCallSite.java:112) [groovy-all-2.3.11.jar:2.3.11]
p	at geb.mobile.helper.GebMobileScreenshotRule$1.evaluate(GebMobileScreenshotRule.groovy:93) [geb-mobile.jar:na]
ì	at org.spockframework.runtime.extension.builtin.MethodRuleInterceptor.intercept(MethodRuleInterceptor.java:40) [spock-core-1.0-groovy-2.3.jar:na]
	at org.spockframework.runtime.extension.MethodInvocation.proceed(MethodInvocation.java:87) [spock-core-1.0-groovy-2.3.jar:na]
q	at org.spockframework.runtime.BaseSpecRunner.invoke(BaseSpecRunner.java:471) [spock-core-1.0-groovy-2.3.jar:na]
{	at org.spockframework.runtime.BaseSpecRunner.runFeatureMethod(BaseSpecRunner.java:405) [spock-core-1.0-groovy-2.3.jar:na]
y	at org.spockframework.runtime.BaseSpecRunner.doRunIteration(BaseSpecRunner.java:324) [spock-core-1.0-groovy-2.3.jar:na]
s	at org.spockframework.runtime.BaseSpecRunner$6.invoke(BaseSpecRunner.java:309) [spock-core-1.0-groovy-2.3.jar:na]
t	at org.spockframework.runtime.BaseSpecRunner.invokeRaw(BaseSpecRunner.java:480) [spock-core-1.0-groovy-2.3.jar:na]
q	at org.spockframework.runtime.BaseSpecRunner.invoke(BaseSpecRunner.java:463) [spock-core-1.0-groovy-2.3.jar:na]
w	at org.spockframework.runtime.BaseSpecRunner.runIteration(BaseSpecRunner.java:288) [spock-core-1.0-groovy-2.3.jar:na]
Ñ	at org.spockframework.runtime.BaseSpecRunner.initializeAndRunIteration(BaseSpecRunner.java:278) [spock-core-1.0-groovy-2.3.jar:na]
{	at org.spockframework.runtime.BaseSpecRunner.runSimpleFeature(BaseSpecRunner.java:269) [spock-core-1.0-groovy-2.3.jar:na]
w	at org.spockframework.runtime.BaseSpecRunner.doRunFeature(BaseSpecRunner.java:263) [spock-core-1.0-groovy-2.3.jar:na]
s	at org.spockframework.runtime.BaseSpecRunner$5.invoke(BaseSpecRunner.java:246) [spock-core-1.0-groovy-2.3.jar:na]
t	at org.spockframework.runtime.BaseSpecRunner.invokeRaw(BaseSpecRunner.java:480) [spock-core-1.0-groovy-2.3.jar:na]
q	at org.spockframework.runtime.BaseSpecRunner.invoke(BaseSpecRunner.java:463) [spock-core-1.0-groovy-2.3.jar:na]
u	at org.spockframework.runtime.BaseSpecRunner.runFeature(BaseSpecRunner.java:238) [spock-core-1.0-groovy-2.3.jar:na]
v	at org.spockframework.runtime.BaseSpecRunner.runFeatures(BaseSpecRunner.java:188) [spock-core-1.0-groovy-2.3.jar:na]
s	at org.spockframework.runtime.BaseSpecRunner.doRunSpec(BaseSpecRunner.java:98) [spock-core-1.0-groovy-2.3.jar:na]
r	at org.spockframework.runtime.BaseSpecRunner$1.invoke(BaseSpecRunner.java:84) [spock-core-1.0-groovy-2.3.jar:na]
t	at org.spockframework.runtime.BaseSpecRunner.invokeRaw(BaseSpecRunner.java:480) [spock-core-1.0-groovy-2.3.jar:na]
q	at org.spockframework.runtime.BaseSpecRunner.invoke(BaseSpecRunner.java:463) [spock-core-1.0-groovy-2.3.jar:na]
q	at org.spockframework.runtime.BaseSpecRunner.runSpec(BaseSpecRunner.java:76) [spock-core-1.0-groovy-2.3.jar:na]
m	at org.spockframework.runtime.BaseSpecRunner.run(BaseSpecRunner.java:67) [spock-core-1.0-groovy-2.3.jar:na]
_	at org.spockframework.runtime.Sputnik.run(Sputnik.java:63) [spock-core-1.0-groovy-2.3.jar:na]
ö	at org.gradle.api.internal.tasks.testing.junit.JUnitTestClassExecuter.runTestClass(JUnitTestClassExecuter.java:114) [gradle-testing-jvm-4.3.1.jar:4.3.1]
î	at org.gradle.api.internal.tasks.testing.junit.JUnitTestClassExecuter.execute(JUnitTestClassExecuter.java:57) [gradle-testing-jvm-4.3.1.jar:4.3.1]
ü	at org.gradle.api.internal.tasks.testing.junit.JUnitTestClassProcessor.processTestClass(JUnitTestClassProcessor.java:66) [gradle-testing-jvm-4.3.1.jar:4.3.1]
ö	at org.gradle.api.internal.tasks.testing.SuiteTestClassProcessor.processTestClass(SuiteTestClassProcessor.java:51) [gradle-testing-base-4.3.1.jar:4.3.1]
P	at sun.reflect.NativeMethodAccessorImpl.invoke0(Native Method) ~[na:1.8.0_151]
b	at sun.reflect.NativeMethodAccessorImpl.invoke(NativeMethodAccessorImpl.java:62) ~[na:1.8.0_151]
j	at sun.reflect.DelegatingMethodAccessorImpl.invoke(DelegatingMethodAccessorImpl.java:43) ~[na:1.8.0_151]
E	at java.lang.reflect.Method.invoke(Method.java:498) ~[na:1.8.0_151]
|	at org.gradle.internal.dispatch.ReflectionDispatch.dispatch(ReflectionDispatch.java:35) [gradle-messaging-4.3.1.jar:4.3.1]
|	at org.gradle.internal.dispatch.ReflectionDispatch.dispatch(ReflectionDispatch.java:24) [gradle-messaging-4.3.1.jar:4.3.1]
å	at org.gradle.internal.dispatch.ContextClassLoaderDispatch.dispatch(ContextClassLoaderDispatch.java:32) [gradle-messaging-4.3.1.jar:4.3.1]
õ	at org.gradle.internal.dispatch.ProxyDispatchAdapter$DispatchingInvocationHandler.invoke(ProxyDispatchAdapter.java:93) [gradle-messaging-4.3.1.jar:4.3.1]
C	at com.sun.proxy.$Proxy3.processTestClass(Unknown Source) [na:na]
à	at org.gradle.api.internal.tasks.testing.worker.TestWorker.processTestClass(TestWorker.java:108) [gradle-testing-base-4.3.1.jar:4.3.1]
P	at sun.reflect.NativeMethodAccessorImpl.invoke0(Native Method) ~[na:1.8.0_151]
b	at sun.reflect.NativeMethodAccessorImpl.invoke(NativeMethodAccessorImpl.java:62) ~[na:1.8.0_151]
j	at sun.reflect.DelegatingMethodAccessorImpl.invoke(DelegatingMethodAccessorImpl.java:43) ~[na:1.8.0_151]
E	at java.lang.reflect.Method.invoke(Method.java:498) ~[na:1.8.0_151]
|	at org.gradle.internal.dispatch.ReflectionDispatch.dispatch(ReflectionDispatch.java:35) [gradle-messaging-4.3.1.jar:4.3.1]
|	at org.gradle.internal.dispatch.ReflectionDispatch.dispatch(ReflectionDispatch.java:24) [gradle-messaging-4.3.1.jar:4.3.1]
¥	at org.gradle.internal.remote.internal.hub.MessageHubBackedObjectConnection$DispatchWrapper.dispatch(MessageHubBackedObjectConnection.java:146) [gradle-messaging-4.3.1.jar:4.3.1]
¥	at org.gradle.internal.remote.internal.hub.MessageHubBackedObjectConnection$DispatchWrapper.dispatch(MessageHubBackedObjectConnection.java:128) [gradle-messaging-4.3.1.jar:4.3.1]
{	at org.gradle.internal.remote.internal.hub.MessageHub$Handler.run(MessageHub.java:404) [gradle-messaging-4.3.1.jar:4.3.1]
í	at org.gradle.internal.concurrent.ExecutorPolicy$CatchAndRecordFailures.onExecute(ExecutorPolicy.java:63) [gradle-base-services-4.3.1.jar:4.3.1]
Å	at org.gradle.internal.concurrent.ManagedExecutorImpl$1.run(ManagedExecutorImpl.java:46) [gradle-base-services-4.3.1.jar:4.3.1]
c	at java.util.concurrent.ThreadPoolExecutor.runWorker(ThreadPoolExecutor.java:1149) [na:1.8.0_151]
c	at java.util.concurrent.ThreadPoolExecutor$Worker.run(ThreadPoolExecutor.java:624) [na:1.8.0_151]
ë	at org.gradle.internal.concurrent.ThreadFactoryImpl$ManagedThreadRunnable.run(ThreadFactoryImpl.java:55) [gradle-base-services-4.3.1.jar:4.3.1]
9	at java.lang.Thread.run(Thread.java:748) [na:1.8.0_151]
∑10:55:12.239 [Test worker] WARN  g.m.helper.GebMobileScreenshotRule - error writing image: failed to create driver from callback 'script1520016907581363379674$_run_closure1@1248f435'
}10:55:12.244 [Test worker] INFO  g.m.driver.GebMobileDriverFactory - Create Mobile Driver Instance for Framework appium ... 
10:55:12.246 [Test worker] INFO  g.m.driver.GebMobileDriverFactory - setting appium property: appium_deviceName , Google Pixel
|10:55:12.246 [Test worker] INFO  g.m.driver.GebMobileDriverFactory - setting appium property: appium_platformName , Android
ÿ10:55:12.246 [Test worker] INFO  g.m.driver.GebMobileDriverFactory - setting appium property: appium_app , /Users/shellyhan/Desktop/SIA/secure-image-android/functionalTesting/geb-mobile/demo_apps/WikipediaSample.apk
{10:55:12.248 [Test worker] INFO  g.m.driver.GebMobileDriverFactory - setting appium property: appium_platformVersion , 7.1
c10:55:12.249 [Test worker] INFO  g.m.driver.GebMobileDriverFactory - Create Appium Android Driver 
◊10:55:13.019 [Test worker] ERROR g.m.driver.GebMobileDriverFactory - eXC: Invalid [app] capability. Pass the valid app_url, custom_id or shareable_id (WARNING: The server did not provide any stacktrace information)
.Command duration or timeout: 758 milliseconds
WBuild info: version: '3.8.1', revision: '6e95a6684b', time: '2017-12-01T18:33:54.468Z'
∏System info: host: 'MacBook-Pro.hitronhub.home', ip: 'fd00:f0f2:49e5:f32:8083:7291:4949:6fb8', os.name: 'Mac OS X', os.arch: 'x86_64', os.version: '10.12.6', java.version: '1.8.0_151'
+Driver info: driver.version: AndroidDriver
µorg.openqa.selenium.WebDriverException: Invalid [app] capability. Pass the valid app_url, custom_id or shareable_id (WARNING: The server did not provide any stacktrace information)
.Command duration or timeout: 758 milliseconds
WBuild info: version: '3.8.1', revision: '6e95a6684b', time: '2017-12-01T18:33:54.468Z'
∏System info: host: 'MacBook-Pro.hitronhub.home', ip: 'fd00:f0f2:49e5:f32:8083:7291:4949:6fb8', os.name: 'Mac OS X', os.arch: 'x86_64', os.version: '10.12.6', java.version: '1.8.0_151'
+Driver info: driver.version: AndroidDriver
Z	at sun.reflect.NativeConstructorAccessorImpl.newInstance0(Native Method) ~[na:1.8.0_151]
q	at sun.reflect.NativeConstructorAccessorImpl.newInstance(NativeConstructorAccessorImpl.java:62) ~[na:1.8.0_151]
y	at sun.reflect.DelegatingConstructorAccessorImpl.newInstance(DelegatingConstructorAccessorImpl.java:45) ~[na:1.8.0_151]
T	at java.lang.reflect.Constructor.newInstance(Constructor.java:423) ~[na:1.8.0_151]
z	at org.openqa.selenium.remote.ErrorHandler.createThrowable(ErrorHandler.java:214) ~[selenium-remote-driver-3.8.1.jar:na]
Ä	at org.openqa.selenium.remote.ErrorHandler.throwIfResponseFailed(ErrorHandler.java:166) ~[selenium-remote-driver-3.8.1.jar:na]
é	at org.openqa.selenium.remote.JsonWireProtocolResponse.lambda$new$0(JsonWireProtocolResponse.java:53) ~[selenium-remote-driver-3.8.1.jar:na]
û	at org.openqa.selenium.remote.JsonWireProtocolResponse.lambda$getResponseFunction$2(JsonWireProtocolResponse.java:91) ~[selenium-remote-driver-3.8.1.jar:na]
ã	at org.openqa.selenium.remote.ProtocolHandshake.lambda$createSession$0(ProtocolHandshake.java:123) ~[selenium-remote-driver-3.8.1.jar:na]
^	at java.util.stream.ReferencePipeline$3$1.accept(ReferencePipeline.java:193) ~[na:1.8.0_151]
^	at java.util.Spliterators$ArraySpliterator.tryAdvance(Spliterators.java:958) ~[na:1.8.0_151]
e	at java.util.stream.ReferencePipeline.forEachWithCancel(ReferencePipeline.java:126) ~[na:1.8.0_151]
d	at java.util.stream.AbstractPipeline.copyIntoWithCancel(AbstractPipeline.java:498) ~[na:1.8.0_151]
Z	at java.util.stream.AbstractPipeline.copyInto(AbstractPipeline.java:485) ~[na:1.8.0_151]
a	at java.util.stream.AbstractPipeline.wrapAndCopyInto(AbstractPipeline.java:471) ~[na:1.8.0_151]
Y	at java.util.stream.FindOps$FindOp.evaluateSequential(FindOps.java:152) ~[na:1.8.0_151]
Z	at java.util.stream.AbstractPipeline.evaluate(AbstractPipeline.java:234) ~[na:1.8.0_151]
]	at java.util.stream.ReferencePipeline.findFirst(ReferencePipeline.java:464) ~[na:1.8.0_151]
Ç	at org.openqa.selenium.remote.ProtocolHandshake.createSession(ProtocolHandshake.java:126) ~[selenium-remote-driver-3.8.1.jar:na]
Å	at org.openqa.selenium.remote.ProtocolHandshake.createSession(ProtocolHandshake.java:73) ~[selenium-remote-driver-3.8.1.jar:na]
Ä	at org.openqa.selenium.remote.HttpCommandExecutor.execute(HttpCommandExecutor.java:142) ~[selenium-remote-driver-3.8.1.jar:na]
z	at io.appium.java_client.remote.AppiumCommandExecutor.execute(AppiumCommandExecutor.java:89) ~[java-client-5.0.4.jar:na]
x	at org.openqa.selenium.remote.RemoteWebDriver.execute(RemoteWebDriver.java:601) ~[selenium-remote-driver-3.8.1.jar:na]
}	at io.appium.java_client.DefaultGenericMobileDriver.execute(DefaultGenericMobileDriver.java:42) ~[java-client-5.0.4.jar:na]
`	at io.appium.java_client.AppiumDriver.execute(AppiumDriver.java:1) ~[java-client-5.0.4.jar:na]
j	at io.appium.java_client.android.AndroidDriver.execute(AndroidDriver.java:1) ~[java-client-5.0.4.jar:na]
}	at org.openqa.selenium.remote.RemoteWebDriver.startSession(RemoteWebDriver.java:219) ~[selenium-remote-driver-3.8.1.jar:na]
w	at org.openqa.selenium.remote.RemoteWebDriver.<init>(RemoteWebDriver.java:142) ~[selenium-remote-driver-3.8.1.jar:na]
|	at io.appium.java_client.DefaultGenericMobileDriver.<init>(DefaultGenericMobileDriver.java:38) ~[java-client-5.0.4.jar:na]
`	at io.appium.java_client.AppiumDriver.<init>(AppiumDriver.java:83) ~[java-client-5.0.4.jar:na]
`	at io.appium.java_client.AppiumDriver.<init>(AppiumDriver.java:93) ~[java-client-5.0.4.jar:na]
j	at io.appium.java_client.android.AndroidDriver.<init>(AndroidDriver.java:72) ~[java-client-5.0.4.jar:na]
Z	at sun.reflect.NativeConstructorAccessorImpl.newInstance0(Native Method) ~[na:1.8.0_151]
q	at sun.reflect.NativeConstructorAccessorImpl.newInstance(NativeConstructorAccessorImpl.java:62) ~[na:1.8.0_151]
y	at sun.reflect.DelegatingConstructorAccessorImpl.newInstance(DelegatingConstructorAccessorImpl.java:45) ~[na:1.8.0_151]
T	at java.lang.reflect.Constructor.newInstance(Constructor.java:423) ~[na:1.8.0_151]
w	at org.codehaus.groovy.reflection.CachedConstructor.invoke(CachedConstructor.java:77) ~[groovy-all-2.3.11.jar:2.3.11]
£	at org.codehaus.groovy.runtime.callsite.ConstructorSite$ConstructorSiteNoUnwrapNoCoerce.callConstructor(ConstructorSite.java:102) ~[groovy-all-2.3.11.jar:2.3.11]
Ñ	at org.codehaus.groovy.runtime.callsite.AbstractCallSite.callConstructor(AbstractCallSite.java:194) [groovy-all-2.3.11.jar:2.3.11]
	at geb.mobile.driver.GebMobileDriverFactory.createMobileDriverInstance(GebMobileDriverFactory.groovy:80) ~[geb-mobile.jar:na]
f	at geb.mobile.driver.GebMobileDriverFactory$createMobileDriverInstance.call(Unknown Source) ~[na:na]
f	at script1520016907581363379674$_run_closure1.doCall(script1520016907581363379674.groovy:9) ~[na:na]
d	at script1520016907581363379674$_run_closure1.doCall(script1520016907581363379674.groovy) ~[na:na]
P	at sun.reflect.NativeMethodAccessorImpl.invoke0(Native Method) ~[na:1.8.0_151]
b	at sun.reflect.NativeMethodAccessorImpl.invoke(NativeMethodAccessorImpl.java:62) ~[na:1.8.0_151]
j	at sun.reflect.DelegatingMethodAccessorImpl.invoke(DelegatingMethodAccessorImpl.java:43) ~[na:1.8.0_151]
E	at java.lang.reflect.Method.invoke(Method.java:498) ~[na:1.8.0_151]
m	at org.codehaus.groovy.reflection.CachedMethod.invoke(CachedMethod.java:90) ~[groovy-all-2.3.11.jar:2.3.11]
^	at groovy.lang.MetaMethod.doMethodInvoke(MetaMethod.java:324) [groovy-all-2.3.11.jar:2.3.11]
Ç	at org.codehaus.groovy.runtime.metaclass.ClosureMetaClass.invokeMethod(ClosureMetaClass.java:292) [groovy-all-2.3.11.jar:2.3.11]
c	at groovy.lang.MetaClassImpl.invokeMethod(MetaClassImpl.java:1015) [groovy-all-2.3.11.jar:2.3.11]
v	at org.codehaus.groovy.runtime.InvokerHelper.invokePogoMethod(InvokerHelper.java:901) [groovy-all-2.3.11.jar:2.3.11]
r	at org.codehaus.groovy.runtime.InvokerHelper.invokeMethod(InvokerHelper.java:884) [groovy-all-2.3.11.jar:2.3.11]
É	at org.codehaus.groovy.runtime.ScriptBytecodeAdapter.invokeMethodN(ScriptBytecodeAdapter.java:166) [groovy-all-2.3.11.jar:2.3.11]
É	at org.codehaus.groovy.runtime.ScriptBytecodeAdapter.invokeClosure(ScriptBytecodeAdapter.java:572) [groovy-all-2.3.11.jar:2.3.11]
f	at geb.driver.CallbackDriverFactory.getDriver(CallbackDriverFactory.groovy:29) [geb-core-2.0.jar:na]
P	at sun.reflect.NativeMethodAccessorImpl.invoke0(Native Method) ~[na:1.8.0_151]
b	at sun.reflect.NativeMethodAccessorImpl.invoke(NativeMethodAccessorImpl.java:62) ~[na:1.8.0_151]
j	at sun.reflect.DelegatingMethodAccessorImpl.invoke(DelegatingMethodAccessorImpl.java:43) ~[na:1.8.0_151]
E	at java.lang.reflect.Method.invoke(Method.java:498) ~[na:1.8.0_151]
m	at org.codehaus.groovy.reflection.CachedMethod.invoke(CachedMethod.java:90) ~[groovy-all-2.3.11.jar:2.3.11]
^	at groovy.lang.MetaMethod.doMethodInvoke(MetaMethod.java:324) [groovy-all-2.3.11.jar:2.3.11]
û	at org.codehaus.groovy.runtime.metaclass.MethodMetaProperty$GetBeanMethodMetaProperty.getProperty(MethodMetaProperty.java:73) [groovy-all-2.3.11.jar:2.3.11]
õ	at org.codehaus.groovy.runtime.callsite.GetEffectivePogoPropertySite.callGetProperty(GetEffectivePogoPropertySite.java:45) [groovy-all-2.3.11.jar:2.3.11]
u	at geb.driver.CachingDriverFactory$_getDriver_closure3.doCall(CachingDriverFactory.groovy:85) [geb-core-2.0.jar:na]
r	at geb.driver.CachingDriverFactory$_getDriver_closure3.doCall(CachingDriverFactory.groovy) [geb-core-2.0.jar:na]
P	at sun.reflect.NativeMethodAccessorImpl.invoke0(Native Method) ~[na:1.8.0_151]
b	at sun.reflect.NativeMethodAccessorImpl.invoke(NativeMethodAccessorImpl.java:62) ~[na:1.8.0_151]
j	at sun.reflect.DelegatingMethodAccessorImpl.invoke(DelegatingMethodAccessorImpl.java:43) ~[na:1.8.0_151]
E	at java.lang.reflect.Method.invoke(Method.java:498) ~[na:1.8.0_151]
m	at org.codehaus.groovy.reflection.CachedMethod.invoke(CachedMethod.java:90) ~[groovy-all-2.3.11.jar:2.3.11]
^	at groovy.lang.MetaMethod.doMethodInvoke(MetaMethod.java:324) [groovy-all-2.3.11.jar:2.3.11]
Ç	at org.codehaus.groovy.runtime.metaclass.ClosureMetaClass.invokeMethod(ClosureMetaClass.java:292) [groovy-all-2.3.11.jar:2.3.11]
c	at groovy.lang.MetaClassImpl.invokeMethod(MetaClassImpl.java:1015) [groovy-all-2.3.11.jar:2.3.11]
z	at org.codehaus.groovy.runtime.callsite.PogoMetaClassSite.call(PogoMetaClassSite.java:39) [groovy-all-2.3.11.jar:2.3.11]
y	at org.codehaus.groovy.runtime.callsite.AbstractCallSite.call(AbstractCallSite.java:112) [groovy-all-2.3.11.jar:2.3.11]
j	at geb.driver.CachingDriverFactory$SimpleCache.get(CachingDriverFactory.groovy:32) [geb-core-2.0.jar:na]
P	at sun.reflect.NativeMethodAccessorImpl.invoke0(Native Method) ~[na:1.8.0_151]
b	at sun.reflect.NativeMethodAccessorImpl.invoke(NativeMethodAccessorImpl.java:62) ~[na:1.8.0_151]
j	at sun.reflect.DelegatingMethodAccessorImpl.invoke(DelegatingMethodAccessorImpl.java:43) ~[na:1.8.0_151]
E	at java.lang.reflect.Method.invoke(Method.java:498) ~[na:1.8.0_151]
§	at org.codehaus.groovy.runtime.callsite.PogoMetaMethodSite$PogoCachedMethodSiteNoUnwrapNoCoerce.invoke(PogoMetaMethodSite.java:207) [groovy-all-2.3.11.jar:2.3.11]
|	at org.codehaus.groovy.runtime.callsite.PogoMetaMethodSite.call(PogoMetaMethodSite.java:68) [groovy-all-2.3.11.jar:2.3.11]
y	at org.codehaus.groovy.runtime.callsite.AbstractCallSite.call(AbstractCallSite.java:116) [groovy-all-2.3.11.jar:2.3.11]
d	at geb.driver.CachingDriverFactory.getDriver(CachingDriverFactory.groovy:84) [geb-core-2.0.jar:na]
P	at sun.reflect.NativeMethodAccessorImpl.invoke0(Native Method) ~[na:1.8.0_151]
b	at sun.reflect.NativeMethodAccessorImpl.invoke(NativeMethodAccessorImpl.java:62) ~[na:1.8.0_151]
j	at sun.reflect.DelegatingMethodAccessorImpl.invoke(DelegatingMethodAccessorImpl.java:43) ~[na:1.8.0_151]
E	at java.lang.reflect.Method.invoke(Method.java:498) ~[na:1.8.0_151]
m	at org.codehaus.groovy.reflection.CachedMethod.invoke(CachedMethod.java:90) ~[groovy-all-2.3.11.jar:2.3.11]
^	at groovy.lang.MetaMethod.doMethodInvoke(MetaMethod.java:324) [groovy-all-2.3.11.jar:2.3.11]
û	at org.codehaus.groovy.runtime.metaclass.MethodMetaProperty$GetBeanMethodMetaProperty.getProperty(MethodMetaProperty.java:73) [groovy-all-2.3.11.jar:2.3.11]
õ	at org.codehaus.groovy.runtime.callsite.GetEffectivePogoPropertySite.callGetProperty(GetEffectivePogoPropertySite.java:45) [groovy-all-2.3.11.jar:2.3.11]
S	at geb.Configuration.createDriver(Configuration.groovy:382) [geb-core-2.0.jar:na]
P	at geb.Configuration.getDriver(Configuration.groovy:371) [geb-core-2.0.jar:na]
P	at sun.reflect.NativeMethodAccessorImpl.invoke0(Native Method) ~[na:1.8.0_151]
b	at sun.reflect.NativeMethodAccessorImpl.invoke(NativeMethodAccessorImpl.java:62) ~[na:1.8.0_151]
j	at sun.reflect.DelegatingMethodAccessorImpl.invoke(DelegatingMethodAccessorImpl.java:43) ~[na:1.8.0_151]
E	at java.lang.reflect.Method.invoke(Method.java:498) ~[na:1.8.0_151]
m	at org.codehaus.groovy.reflection.CachedMethod.invoke(CachedMethod.java:90) ~[groovy-all-2.3.11.jar:2.3.11]
^	at groovy.lang.MetaMethod.doMethodInvoke(MetaMethod.java:324) [groovy-all-2.3.11.jar:2.3.11]
û	at org.codehaus.groovy.runtime.metaclass.MethodMetaProperty$GetBeanMethodMetaProperty.getProperty(MethodMetaProperty.java:73) [groovy-all-2.3.11.jar:2.3.11]
ß	at org.codehaus.groovy.runtime.callsite.GetEffectivePogoPropertySite.callGroovyObjectGetProperty(GetEffectivePogoPropertySite.java:65) [groovy-all-2.3.11.jar:2.3.11]
D	at geb.Browser.getDriver(Browser.groovy:111) [geb-core-2.0.jar:na]
P	at sun.reflect.NativeMethodAccessorImpl.invoke0(Native Method) ~[na:1.8.0_151]
b	at sun.reflect.NativeMethodAccessorImpl.invoke(NativeMethodAccessorImpl.java:62) ~[na:1.8.0_151]
j	at sun.reflect.DelegatingMethodAccessorImpl.invoke(DelegatingMethodAccessorImpl.java:43) ~[na:1.8.0_151]
E	at java.lang.reflect.Method.invoke(Method.java:498) ~[na:1.8.0_151]
m	at org.codehaus.groovy.reflection.CachedMethod.invoke(CachedMethod.java:90) ~[groovy-all-2.3.11.jar:2.3.11]
^	at groovy.lang.MetaMethod.doMethodInvoke(MetaMethod.java:324) [groovy-all-2.3.11.jar:2.3.11]
c	at groovy.lang.MetaClassImpl.invokeMethod(MetaClassImpl.java:1206) [groovy-all-2.3.11.jar:2.3.11]
c	at groovy.lang.MetaClassImpl.invokeMethod(MetaClassImpl.java:1015) [groovy-all-2.3.11.jar:2.3.11]
v	at org.codehaus.groovy.runtime.InvokerHelper.invokePogoMethod(InvokerHelper.java:901) [groovy-all-2.3.11.jar:2.3.11]
r	at org.codehaus.groovy.runtime.InvokerHelper.invokeMethod(InvokerHelper.java:884) [groovy-all-2.3.11.jar:2.3.11]
É	at org.codehaus.groovy.runtime.ScriptBytecodeAdapter.invokeMethodN(ScriptBytecodeAdapter.java:166) [groovy-all-2.3.11.jar:2.3.11]
N	at geb.spock.GebSpec.methodMissing(GebSpec.groovy:56) [geb-spock-2.0.jar:na]
P	at sun.reflect.NativeMethodAccessorImpl.invoke0(Native Method) ~[na:1.8.0_151]
b	at sun.reflect.NativeMethodAccessorImpl.invoke(NativeMethodAccessorImpl.java:62) ~[na:1.8.0_151]
j	at sun.reflect.DelegatingMethodAccessorImpl.invoke(DelegatingMethodAccessorImpl.java:43) ~[na:1.8.0_151]
E	at java.lang.reflect.Method.invoke(Method.java:498) ~[na:1.8.0_151]
m	at org.codehaus.groovy.reflection.CachedMethod.invoke(CachedMethod.java:90) ~[groovy-all-2.3.11.jar:2.3.11]
i	at groovy.lang.MetaClassImpl.invokeMissingMethod(MetaClassImpl.java:932) [groovy-all-2.3.11.jar:2.3.11]
n	at groovy.lang.MetaClassImpl.invokePropertyOrMissing(MetaClassImpl.java:1255) [groovy-all-2.3.11.jar:2.3.11]
c	at groovy.lang.MetaClassImpl.invokeMethod(MetaClassImpl.java:1208) [groovy-all-2.3.11.jar:2.3.11]
c	at groovy.lang.MetaClassImpl.invokeMethod(MetaClassImpl.java:1015) [groovy-all-2.3.11.jar:2.3.11]
z	at org.codehaus.groovy.runtime.callsite.PogoMetaClassSite.call(PogoMetaClassSite.java:39) [groovy-all-2.3.11.jar:2.3.11]
y	at org.codehaus.groovy.runtime.callsite.CallSiteArray.defaultCall(CallSiteArray.java:45) [groovy-all-2.3.11.jar:2.3.11]
y	at org.codehaus.groovy.runtime.callsite.AbstractCallSite.call(AbstractCallSite.java:108) [groovy-all-2.3.11.jar:2.3.11]
y	at org.codehaus.groovy.runtime.callsite.AbstractCallSite.call(AbstractCallSite.java:112) [groovy-all-2.3.11.jar:2.3.11]
Ç	at geb.mobile.helper.GebMobileScreenshotRule$_1_evaluate_closure1.doCall(GebMobileScreenshotRule.groovy:103) [geb-mobile.jar:na]
P	at sun.reflect.NativeMethodAccessorImpl.invoke0(Native Method) ~[na:1.8.0_151]
b	at sun.reflect.NativeMethodAccessorImpl.invoke(NativeMethodAccessorImpl.java:62) ~[na:1.8.0_151]
j	at sun.reflect.DelegatingMethodAccessorImpl.invoke(DelegatingMethodAccessorImpl.java:43) ~[na:1.8.0_151]
E	at java.lang.reflect.Method.invoke(Method.java:498) ~[na:1.8.0_151]
m	at org.codehaus.groovy.reflection.CachedMethod.invoke(CachedMethod.java:90) ~[groovy-all-2.3.11.jar:2.3.11]
^	at groovy.lang.MetaMethod.doMethodInvoke(MetaMethod.java:324) [groovy-all-2.3.11.jar:2.3.11]
Ç	at org.codehaus.groovy.runtime.metaclass.ClosureMetaClass.invokeMethod(ClosureMetaClass.java:292) [groovy-all-2.3.11.jar:2.3.11]
c	at groovy.lang.MetaClassImpl.invokeMethod(MetaClassImpl.java:1015) [groovy-all-2.3.11.jar:2.3.11]
N	at groovy.lang.Closure.call(Closure.java:423) [groovy-all-2.3.11.jar:2.3.11]
N	at groovy.lang.Closure.call(Closure.java:439) [groovy-all-2.3.11.jar:2.3.11]
u	at org.codehaus.groovy.runtime.IOGroovyMethods.withWriter(IOGroovyMethods.java:1134) [groovy-all-2.3.11.jar:2.3.11]
Å	at org.codehaus.groovy.runtime.ResourceGroovyMethods.withWriter(ResourceGroovyMethods.java:1790) [groovy-all-2.3.11.jar:2.3.11]
^	at org.codehaus.groovy.runtime.dgm$884.invoke(Unknown Source) [groovy-all-2.3.11.jar:2.3.11]
¢	at org.codehaus.groovy.runtime.callsite.PojoMetaMethodSite$PojoMetaMethodSiteNoUnwrapNoCoerce.invoke(PojoMetaMethodSite.java:271) [groovy-all-2.3.11.jar:2.3.11]
|	at org.codehaus.groovy.runtime.callsite.PojoMetaMethodSite.call(PojoMetaMethodSite.java:53) [groovy-all-2.3.11.jar:2.3.11]
y	at org.codehaus.groovy.runtime.callsite.CallSiteArray.defaultCall(CallSiteArray.java:45) [groovy-all-2.3.11.jar:2.3.11]
y	at org.codehaus.groovy.runtime.callsite.AbstractCallSite.call(AbstractCallSite.java:108) [groovy-all-2.3.11.jar:2.3.11]
y	at org.codehaus.groovy.runtime.callsite.AbstractCallSite.call(AbstractCallSite.java:116) [groovy-all-2.3.11.jar:2.3.11]
q	at geb.mobile.helper.GebMobileScreenshotRule$1.evaluate(GebMobileScreenshotRule.groovy:102) [geb-mobile.jar:na]
ì	at org.spockframework.runtime.extension.builtin.MethodRuleInterceptor.intercept(MethodRuleInterceptor.java:40) [spock-core-1.0-groovy-2.3.jar:na]
	at org.spockframework.runtime.extension.MethodInvocation.proceed(MethodInvocation.java:87) [spock-core-1.0-groovy-2.3.jar:na]
q	at org.spockframework.runtime.BaseSpecRunner.invoke(BaseSpecRunner.java:471) [spock-core-1.0-groovy-2.3.jar:na]
{	at org.spockframework.runtime.BaseSpecRunner.runFeatureMethod(BaseSpecRunner.java:405) [spock-core-1.0-groovy-2.3.jar:na]
y	at org.spockframework.runtime.BaseSpecRunner.doRunIteration(BaseSpecRunner.java:324) [spock-core-1.0-groovy-2.3.jar:na]
s	at org.spockframework.runtime.BaseSpecRunner$6.invoke(BaseSpecRunner.java:309) [spock-core-1.0-groovy-2.3.jar:na]
t	at org.spockframework.runtime.BaseSpecRunner.invokeRaw(BaseSpecRunner.java:480) [spock-core-1.0-groovy-2.3.jar:na]
q	at org.spockframework.runtime.BaseSpecRunner.invoke(BaseSpecRunner.java:463) [spock-core-1.0-groovy-2.3.jar:na]
w	at org.spockframework.runtime.BaseSpecRunner.runIteration(BaseSpecRunner.java:288) [spock-core-1.0-groovy-2.3.jar:na]
Ñ	at org.spockframework.runtime.BaseSpecRunner.initializeAndRunIteration(BaseSpecRunner.java:278) [spock-core-1.0-groovy-2.3.jar:na]
{	at org.spockframework.runtime.BaseSpecRunner.runSimpleFeature(BaseSpecRunner.java:269) [spock-core-1.0-groovy-2.3.jar:na]
w	at org.spockframework.runtime.BaseSpecRunner.doRunFeature(BaseSpecRunner.java:263) [spock-core-1.0-groovy-2.3.jar:na]
s	at org.spockframework.runtime.BaseSpecRunner$5.invoke(BaseSpecRunner.java:246) [spock-core-1.0-groovy-2.3.jar:na]
t	at org.spockframework.runtime.BaseSpecRunner.invokeRaw(BaseSpecRunner.java:480) [spock-core-1.0-groovy-2.3.jar:na]
q	at org.spockframework.runtime.BaseSpecRunner.invoke(BaseSpecRunner.java:463) [spock-core-1.0-groovy-2.3.jar:na]
u	at org.spockframework.runtime.BaseSpecRunner.runFeature(BaseSpecRunner.java:238) [spock-core-1.0-groovy-2.3.jar:na]
v	at org.spockframework.runtime.BaseSpecRunner.runFeatures(BaseSpecRunner.java:188) [spock-core-1.0-groovy-2.3.jar:na]
s	at org.spockframework.runtime.BaseSpecRunner.doRunSpec(BaseSpecRunner.java:98) [spock-core-1.0-groovy-2.3.jar:na]
r	at org.spockframework.runtime.BaseSpecRunner$1.invoke(BaseSpecRunner.java:84) [spock-core-1.0-groovy-2.3.jar:na]
t	at org.spockframework.runtime.BaseSpecRunner.invokeRaw(BaseSpecRunner.java:480) [spock-core-1.0-groovy-2.3.jar:na]
q	at org.spockframework.runtime.BaseSpecRunner.invoke(BaseSpecRunner.java:463) [spock-core-1.0-groovy-2.3.jar:na]
q	at org.spockframework.runtime.BaseSpecRunner.runSpec(BaseSpecRunner.java:76) [spock-core-1.0-groovy-2.3.jar:na]
m	at org.spockframework.runtime.BaseSpecRunner.run(BaseSpecRunner.java:67) [spock-core-1.0-groovy-2.3.jar:na]
_	at org.spockframework.runtime.Sputnik.run(Sputnik.java:63) [spock-core-1.0-groovy-2.3.jar:na]
ö	at org.gradle.api.internal.tasks.testing.junit.JUnitTestClassExecuter.runTestClass(JUnitTestClassExecuter.java:114) [gradle-testing-jvm-4.3.1.jar:4.3.1]
î	at org.gradle.api.internal.tasks.testing.junit.JUnitTestClassExecuter.execute(JUnitTestClassExecuter.java:57) [gradle-testing-jvm-4.3.1.jar:4.3.1]
ü	at org.gradle.api.internal.tasks.testing.junit.JUnitTestClassProcessor.processTestClass(JUnitTestClassProcessor.java:66) [gradle-testing-jvm-4.3.1.jar:4.3.1]
ö	at org.gradle.api.internal.tasks.testing.SuiteTestClassProcessor.processTestClass(SuiteTestClassProcessor.java:51) [gradle-testing-base-4.3.1.jar:4.3.1]
P	at sun.reflect.NativeMethodAccessorImpl.invoke0(Native Method) ~[na:1.8.0_151]
b	at sun.reflect.NativeMethodAccessorImpl.invoke(NativeMethodAccessorImpl.java:62) ~[na:1.8.0_151]
j	at sun.reflect.DelegatingMethodAccessorImpl.invoke(DelegatingMethodAccessorImpl.java:43) ~[na:1.8.0_151]
E	at java.lang.reflect.Method.invoke(Method.java:498) ~[na:1.8.0_151]
|	at org.gradle.internal.dispatch.ReflectionDispatch.dispatch(ReflectionDispatch.java:35) [gradle-messaging-4.3.1.jar:4.3.1]
|	at org.gradle.internal.dispatch.ReflectionDispatch.dispatch(ReflectionDispatch.java:24) [gradle-messaging-4.3.1.jar:4.3.1]
å	at org.gradle.internal.dispatch.ContextClassLoaderDispatch.dispatch(ContextClassLoaderDispatch.java:32) [gradle-messaging-4.3.1.jar:4.3.1]
õ	at org.gradle.internal.dispatch.ProxyDispatchAdapter$DispatchingInvocationHandler.invoke(ProxyDispatchAdapter.java:93) [gradle-messaging-4.3.1.jar:4.3.1]
C	at com.sun.proxy.$Proxy3.processTestClass(Unknown Source) [na:na]
à	at org.gradle.api.internal.tasks.testing.worker.TestWorker.processTestClass(TestWorker.java:108) [gradle-testing-base-4.3.1.jar:4.3.1]
P	at sun.reflect.NativeMethodAccessorImpl.invoke0(Native Method) ~[na:1.8.0_151]
b	at sun.reflect.NativeMethodAccessorImpl.invoke(NativeMethodAccessorImpl.java:62) ~[na:1.8.0_151]
j	at sun.reflect.DelegatingMethodAccessorImpl.invoke(DelegatingMethodAccessorImpl.java:43) ~[na:1.8.0_151]
E	at java.lang.reflect.Method.invoke(Method.java:498) ~[na:1.8.0_151]
|	at org.gradle.internal.dispatch.ReflectionDispatch.dispatch(ReflectionDispatch.java:35) [gradle-messaging-4.3.1.jar:4.3.1]
|	at org.gradle.internal.dispatch.ReflectionDispatch.dispatch(ReflectionDispatch.java:24) [gradle-messaging-4.3.1.jar:4.3.1]
¥	at org.gradle.internal.remote.internal.hub.MessageHubBackedObjectConnection$DispatchWrapper.dispatch(MessageHubBackedObjectConnection.java:146) [gradle-messaging-4.3.1.jar:4.3.1]
¥	at org.gradle.internal.remote.internal.hub.MessageHubBackedObjectConnection$DispatchWrapper.dispatch(MessageHubBackedObjectConnection.java:128) [gradle-messaging-4.3.1.jar:4.3.1]
{	at org.gradle.internal.remote.internal.hub.MessageHub$Handler.run(MessageHub.java:404) [gradle-messaging-4.3.1.jar:4.3.1]
í	at org.gradle.internal.concurrent.ExecutorPolicy$CatchAndRecordFailures.onExecute(ExecutorPolicy.java:63) [gradle-base-services-4.3.1.jar:4.3.1]
Å	at org.gradle.internal.concurrent.ManagedExecutorImpl$1.run(ManagedExecutorImpl.java:46) [gradle-base-services-4.3.1.jar:4.3.1]
c	at java.util.concurrent.ThreadPoolExecutor.runWorker(ThreadPoolExecutor.java:1149) [na:1.8.0_151]
c	at java.util.concurrent.ThreadPoolExecutor$Worker.run(ThreadPoolExecutor.java:624) [na:1.8.0_151]
ë	at org.gradle.internal.concurrent.ThreadFactoryImpl$ManagedThreadRunnable.run(ThreadFactoryImpl.java:55) [gradle-base-services-4.3.1.jar:4.3.1]
9	at java.lang.Thread.run(Thread.java:748) [na:1.8.0_151]
ø10:55:13.024 [Test worker] WARN  g.m.helper.GebMobileScreenshotRule - problem creating pageSource: failed to create driver from callback 'script1520016907581363379674$_run_closure1@1248f435'
g10:55:13.026 [Test worker] WARN  g.m.helper.GebMobileScreenshotRule - Not writing any logs from device
 }10:55:13.051 [Test worker] INFO  g.m.driver.GebMobileDriverFactory - Create Mobile Driver Instance for Framework appium ... 
 10:55:13.052 [Test worker] INFO  g.m.driver.GebMobileDriverFactory - setting appium property: appium_deviceName , Google Pixel
 |10:55:13.053 [Test worker] INFO  g.m.driver.GebMobileDriverFactory - setting appium property: appium_platformName , Android
 ÿ10:55:13.053 [Test worker] INFO  g.m.driver.GebMobileDriverFactory - setting appium property: appium_app , /Users/shellyhan/Desktop/SIA/secure-image-android/functionalTesting/geb-mobile/demo_apps/WikipediaSample.apk
 {10:55:13.053 [Test worker] INFO  g.m.driver.GebMobileDriverFactory - setting appium property: appium_platformVersion , 7.1
 c10:55:13.054 [Test worker] INFO  g.m.driver.GebMobileDriverFactory - Create Appium Android Driver 
 ◊10:55:13.811 [Test worker] ERROR g.m.driver.GebMobileDriverFactory - eXC: Invalid [app] capability. Pass the valid app_url, custom_id or shareable_id (WARNING: The server did not provide any stacktrace information)
 .Command duration or timeout: 732 milliseconds
 WBuild info: version: '3.8.1', revision: '6e95a6684b', time: '2017-12-01T18:33:54.468Z'
 ∏System info: host: 'MacBook-Pro.hitronhub.home', ip: 'fd00:f0f2:49e5:f32:8083:7291:4949:6fb8', os.name: 'Mac OS X', os.arch: 'x86_64', os.version: '10.12.6', java.version: '1.8.0_151'
 +Driver info: driver.version: AndroidDriver
 µorg.openqa.selenium.WebDriverException: Invalid [app] capability. Pass the valid app_url, custom_id or shareable_id (WARNING: The server did not provide any stacktrace information)
 .Command duration or timeout: 732 milliseconds
 WBuild info: version: '3.8.1', revision: '6e95a6684b', time: '2017-12-01T18:33:54.468Z'
 ∏System info: host: 'MacBook-Pro.hitronhub.home', ip: 'fd00:f0f2:49e5:f32:8083:7291:4949:6fb8', os.name: 'Mac OS X', os.arch: 'x86_64', os.version: '10.12.6', java.version: '1.8.0_151'
 +Driver info: driver.version: AndroidDriver
 Z	at sun.reflect.NativeConstructorAccessorImpl.newInstance0(Native Method) ~[na:1.8.0_151]
 q	at sun.reflect.NativeConstructorAccessorImpl.newInstance(NativeConstructorAccessorImpl.java:62) ~[na:1.8.0_151]
 y	at sun.reflect.DelegatingConstructorAccessorImpl.newInstance(DelegatingConstructorAccessorImpl.java:45) ~[na:1.8.0_151]
 T	at java.lang.reflect.Constructor.newInstance(Constructor.java:423) ~[na:1.8.0_151]
 z	at org.openqa.selenium.remote.ErrorHandler.createThrowable(ErrorHandler.java:214) ~[selenium-remote-driver-3.8.1.jar:na]
 Ä	at org.openqa.selenium.remote.ErrorHandler.throwIfResponseFailed(ErrorHandler.java:166) ~[selenium-remote-driver-3.8.1.jar:na]
 é	at org.openqa.selenium.remote.JsonWireProtocolResponse.lambda$new$0(JsonWireProtocolResponse.java:53) ~[selenium-remote-driver-3.8.1.jar:na]
 û	at org.openqa.selenium.remote.JsonWireProtocolResponse.lambda$getResponseFunction$2(JsonWireProtocolResponse.java:91) ~[selenium-remote-driver-3.8.1.jar:na]
 ã	at org.openqa.selenium.remote.ProtocolHandshake.lambda$createSession$0(ProtocolHandshake.java:123) ~[selenium-remote-driver-3.8.1.jar:na]
 ^	at java.util.stream.ReferencePipeline$3$1.accept(ReferencePipeline.java:193) ~[na:1.8.0_151]
 ^	at java.util.Spliterators$ArraySpliterator.tryAdvance(Spliterators.java:958) ~[na:1.8.0_151]
 e	at java.util.stream.ReferencePipeline.forEachWithCancel(ReferencePipeline.java:126) ~[na:1.8.0_151]
 d	at java.util.stream.AbstractPipeline.copyIntoWithCancel(AbstractPipeline.java:498) ~[na:1.8.0_151]
 Z	at java.util.stream.AbstractPipeline.copyInto(AbstractPipeline.java:485) ~[na:1.8.0_151]
 a	at java.util.stream.AbstractPipeline.wrapAndCopyInto(AbstractPipeline.java:471) ~[na:1.8.0_151]
 Y	at java.util.stream.FindOps$FindOp.evaluateSequential(FindOps.java:152) ~[na:1.8.0_151]
 Z	at java.util.stream.AbstractPipeline.evaluate(AbstractPipeline.java:234) ~[na:1.8.0_151]
 ]	at java.util.stream.ReferencePipeline.findFirst(ReferencePipeline.java:464) ~[na:1.8.0_151]
 Ç	at org.openqa.selenium.remote.ProtocolHandshake.createSession(ProtocolHandshake.java:126) ~[selenium-remote-driver-3.8.1.jar:na]
 Å	at org.openqa.selenium.remote.ProtocolHandshake.createSession(ProtocolHandshake.java:73) ~[selenium-remote-driver-3.8.1.jar:na]
 Ä	at org.openqa.selenium.remote.HttpCommandExecutor.execute(HttpCommandExecutor.java:142) ~[selenium-remote-driver-3.8.1.jar:na]
 z	at io.appium.java_client.remote.AppiumCommandExecutor.execute(AppiumCommandExecutor.java:89) ~[java-client-5.0.4.jar:na]
 x	at org.openqa.selenium.remote.RemoteWebDriver.execute(RemoteWebDriver.java:601) ~[selenium-remote-driver-3.8.1.jar:na]
 }	at io.appium.java_client.DefaultGenericMobileDriver.execute(DefaultGenericMobileDriver.java:42) ~[java-client-5.0.4.jar:na]
 `	at io.appium.java_client.AppiumDriver.execute(AppiumDriver.java:1) ~[java-client-5.0.4.jar:na]
 j	at io.appium.java_client.android.AndroidDriver.execute(AndroidDriver.java:1) ~[java-client-5.0.4.jar:na]
 }	at org.openqa.selenium.remote.RemoteWebDriver.startSession(RemoteWebDriver.java:219) ~[selenium-remote-driver-3.8.1.jar:na]
 w	at org.openqa.selenium.remote.RemoteWebDriver.<init>(RemoteWebDriver.java:142) ~[selenium-remote-driver-3.8.1.jar:na]
 |	at io.appium.java_client.DefaultGenericMobileDriver.<init>(DefaultGenericMobileDriver.java:38) ~[java-client-5.0.4.jar:na]
 `	at io.appium.java_client.AppiumDriver.<init>(AppiumDriver.java:83) ~[java-client-5.0.4.jar:na]
 `	at io.appium.java_client.AppiumDriver.<init>(AppiumDriver.java:93) ~[java-client-5.0.4.jar:na]
 j	at io.appium.java_client.android.AndroidDriver.<init>(AndroidDriver.java:72) ~[java-client-5.0.4.jar:na]
 Z	at sun.reflect.NativeConstructorAccessorImpl.newInstance0(Native Method) ~[na:1.8.0_151]
 q	at sun.reflect.NativeConstructorAccessorImpl.newInstance(NativeConstructorAccessorImpl.java:62) ~[na:1.8.0_151]
 y	at sun.reflect.DelegatingConstructorAccessorImpl.newInstance(DelegatingConstructorAccessorImpl.java:45) ~[na:1.8.0_151]
 T	at java.lang.reflect.Constructor.newInstance(Constructor.java:423) ~[na:1.8.0_151]
 w	at org.codehaus.groovy.reflection.CachedConstructor.invoke(CachedConstructor.java:77) ~[groovy-all-2.3.11.jar:2.3.11]
 £	at org.codehaus.groovy.runtime.callsite.ConstructorSite$ConstructorSiteNoUnwrapNoCoerce.callConstructor(ConstructorSite.java:102) ~[groovy-all-2.3.11.jar:2.3.11]
 Ñ	at org.codehaus.groovy.runtime.callsite.AbstractCallSite.callConstructor(AbstractCallSite.java:194) [groovy-all-2.3.11.jar:2.3.11]
 	at geb.mobile.driver.GebMobileDriverFactory.createMobileDriverInstance(GebMobileDriverFactory.groovy:80) ~[geb-mobile.jar:na]
 f	at geb.mobile.driver.GebMobileDriverFactory$createMobileDriverInstance.call(Unknown Source) ~[na:na]
 f	at script1520016907581363379674$_run_closure1.doCall(script1520016907581363379674.groovy:9) ~[na:na]
 d	at script1520016907581363379674$_run_closure1.doCall(script1520016907581363379674.groovy) ~[na:na]
 P	at sun.reflect.NativeMethodAccessorImpl.invoke0(Native Method) ~[na:1.8.0_151]
 b	at sun.reflect.NativeMethodAccessorImpl.invoke(NativeMethodAccessorImpl.java:62) ~[na:1.8.0_151]
 j	at sun.reflect.DelegatingMethodAccessorImpl.invoke(DelegatingMethodAccessorImpl.java:43) ~[na:1.8.0_151]
 E	at java.lang.reflect.Method.invoke(Method.java:498) ~[na:1.8.0_151]
 m	at org.codehaus.groovy.reflection.CachedMethod.invoke(CachedMethod.java:90) ~[groovy-all-2.3.11.jar:2.3.11]
 ^	at groovy.lang.MetaMethod.doMethodInvoke(MetaMethod.java:324) [groovy-all-2.3.11.jar:2.3.11]
 Ç	at org.codehaus.groovy.runtime.metaclass.ClosureMetaClass.invokeMethod(ClosureMetaClass.java:292) [groovy-all-2.3.11.jar:2.3.11]
 c	at groovy.lang.MetaClassImpl.invokeMethod(MetaClassImpl.java:1015) [groovy-all-2.3.11.jar:2.3.11]
 v	at org.codehaus.groovy.runtime.InvokerHelper.invokePogoMethod(InvokerHelper.java:901) [groovy-all-2.3.11.jar:2.3.11]
 r	at org.codehaus.groovy.runtime.InvokerHelper.invokeMethod(InvokerHelper.java:884) [groovy-all-2.3.11.jar:2.3.11]
 É	at org.codehaus.groovy.runtime.ScriptBytecodeAdapter.invokeMethodN(ScriptBytecodeAdapter.java:166) [groovy-all-2.3.11.jar:2.3.11]
 É	at org.codehaus.groovy.runtime.ScriptBytecodeAdapter.invokeClosure(ScriptBytecodeAdapter.java:572) [groovy-all-2.3.11.jar:2.3.11]
 f	at geb.driver.CallbackDriverFactory.getDriver(CallbackDriverFactory.groovy:29) [geb-core-2.0.jar:na]
 P	at sun.reflect.NativeMethodAccessorImpl.invoke0(Native Method) ~[na:1.8.0_151]
 b	at sun.reflect.NativeMethodAccessorImpl.invoke(NativeMethodAccessorImpl.java:62) ~[na:1.8.0_151]
 j	at sun.reflect.DelegatingMethodAccessorImpl.invoke(DelegatingMethodAccessorImpl.java:43) ~[na:1.8.0_151]
 E	at java.lang.reflect.Method.invoke(Method.java:498) ~[na:1.8.0_151]
 m	at org.codehaus.groovy.reflection.CachedMethod.invoke(CachedMethod.java:90) ~[groovy-all-2.3.11.jar:2.3.11]
 ^	at groovy.lang.MetaMethod.doMethodInvoke(MetaMethod.java:324) [groovy-all-2.3.11.jar:2.3.11]
 û	at org.codehaus.groovy.runtime.metaclass.MethodMetaProperty$GetBeanMethodMetaProperty.getProperty(MethodMetaProperty.java:73) [groovy-all-2.3.11.jar:2.3.11]
 õ	at org.codehaus.groovy.runtime.callsite.GetEffectivePogoPropertySite.callGetProperty(GetEffectivePogoPropertySite.java:45) [groovy-all-2.3.11.jar:2.3.11]
 u	at geb.driver.CachingDriverFactory$_getDriver_closure3.doCall(CachingDriverFactory.groovy:85) [geb-core-2.0.jar:na]
 r	at geb.driver.CachingDriverFactory$_getDriver_closure3.doCall(CachingDriverFactory.groovy) [geb-core-2.0.jar:na]
 P	at sun.reflect.NativeMethodAccessorImpl.invoke0(Native Method) ~[na:1.8.0_151]
 b	at sun.reflect.NativeMethodAccessorImpl.invoke(NativeMethodAccessorImpl.java:62) ~[na:1.8.0_151]
 j	at sun.reflect.DelegatingMethodAccessorImpl.invoke(DelegatingMethodAccessorImpl.java:43) ~[na:1.8.0_151]
 E	at java.lang.reflect.Method.invoke(Method.java:498) ~[na:1.8.0_151]
 m	at org.codehaus.groovy.reflection.CachedMethod.invoke(CachedMethod.java:90) ~[groovy-all-2.3.11.jar:2.3.11]
 ^	at groovy.lang.MetaMethod.doMethodInvoke(MetaMethod.java:324) [groovy-all-2.3.11.jar:2.3.11]
 Ç	at org.codehaus.groovy.runtime.metaclass.ClosureMetaClass.invokeMethod(ClosureMetaClass.java:292) [groovy-all-2.3.11.jar:2.3.11]
 c	at groovy.lang.MetaClassImpl.invokeMethod(MetaClassImpl.java:1015) [groovy-all-2.3.11.jar:2.3.11]
 z	at org.codehaus.groovy.runtime.callsite.PogoMetaClassSite.call(PogoMetaClassSite.java:39) [groovy-all-2.3.11.jar:2.3.11]
 y	at org.codehaus.groovy.runtime.callsite.AbstractCallSite.call(AbstractCallSite.java:112) [groovy-all-2.3.11.jar:2.3.11]
 j	at geb.driver.CachingDriverFactory$SimpleCache.get(CachingDriverFactory.groovy:32) [geb-core-2.0.jar:na]
 P	at sun.reflect.NativeMethodAccessorImpl.invoke0(Native Method) ~[na:1.8.0_151]
 b	at sun.reflect.NativeMethodAccessorImpl.invoke(NativeMethodAccessorImpl.java:62) ~[na:1.8.0_151]
 j	at sun.reflect.DelegatingMethodAccessorImpl.invoke(DelegatingMethodAccessorImpl.java:43) ~[na:1.8.0_151]
 E	at java.lang.reflect.Method.invoke(Method.java:498) ~[na:1.8.0_151]
 §	at org.codehaus.groovy.runtime.callsite.PogoMetaMethodSite$PogoCachedMethodSiteNoUnwrapNoCoerce.invoke(PogoMetaMethodSite.java:207) [groovy-all-2.3.11.jar:2.3.11]
 |	at org.codehaus.groovy.runtime.callsite.PogoMetaMethodSite.call(PogoMetaMethodSite.java:68) [groovy-all-2.3.11.jar:2.3.11]
 y	at org.codehaus.groovy.runtime.callsite.AbstractCallSite.call(AbstractCallSite.java:116) [groovy-all-2.3.11.jar:2.3.11]
 d	at geb.driver.CachingDriverFactory.getDriver(CachingDriverFactory.groovy:84) [geb-core-2.0.jar:na]
 P	at sun.reflect.NativeMethodAccessorImpl.invoke0(Native Method) ~[na:1.8.0_151]
 b	at sun.reflect.NativeMethodAccessorImpl.invoke(NativeMethodAccessorImpl.java:62) ~[na:1.8.0_151]
 j	at sun.reflect.DelegatingMethodAccessorImpl.invoke(DelegatingMethodAccessorImpl.java:43) ~[na:1.8.0_151]
 E	at java.lang.reflect.Method.invoke(Method.java:498) ~[na:1.8.0_151]
 m	at org.codehaus.groovy.reflection.CachedMethod.invoke(CachedMethod.java:90) ~[groovy-all-2.3.11.jar:2.3.11]
 ^	at groovy.lang.MetaMethod.doMethodInvoke(MetaMethod.java:324) [groovy-all-2.3.11.jar:2.3.11]
 û	at org.codehaus.groovy.runtime.metaclass.MethodMetaProperty$GetBeanMethodMetaProperty.getProperty(MethodMetaProperty.java:73) [groovy-all-2.3.11.jar:2.3.11]
 õ	at org.codehaus.groovy.runtime.callsite.GetEffectivePogoPropertySite.callGetProperty(GetEffectivePogoPropertySite.java:45) [groovy-all-2.3.11.jar:2.3.11]
 S	at geb.Configuration.createDriver(Configuration.groovy:382) [geb-core-2.0.jar:na]
 P	at geb.Configuration.getDriver(Configuration.groovy:371) [geb-core-2.0.jar:na]
 P	at sun.reflect.NativeMethodAccessorImpl.invoke0(Native Method) ~[na:1.8.0_151]
 b	at sun.reflect.NativeMethodAccessorImpl.invoke(NativeMethodAccessorImpl.java:62) ~[na:1.8.0_151]
 j	at sun.reflect.DelegatingMethodAccessorImpl.invoke(DelegatingMethodAccessorImpl.java:43) ~[na:1.8.0_151]
 E	at java.lang.reflect.Method.invoke(Method.java:498) ~[na:1.8.0_151]
 m	at org.codehaus.groovy.reflection.CachedMethod.invoke(CachedMethod.java:90) ~[groovy-all-2.3.11.jar:2.3.11]
 ^	at groovy.lang.MetaMethod.doMethodInvoke(MetaMethod.java:324) [groovy-all-2.3.11.jar:2.3.11]
 û	at org.codehaus.groovy.runtime.metaclass.MethodMetaProperty$GetBeanMethodMetaProperty.getProperty(MethodMetaProperty.java:73) [groovy-all-2.3.11.jar:2.3.11]
 ß	at org.codehaus.groovy.runtime.callsite.GetEffectivePogoPropertySite.callGroovyObjectGetProperty(GetEffectivePogoPropertySite.java:65) [groovy-all-2.3.11.jar:2.3.11]
 D	at geb.Browser.getDriver(Browser.groovy:111) [geb-core-2.0.jar:na]
 P	at sun.reflect.NativeMethodAccessorImpl.invoke0(Native Method) ~[na:1.8.0_151]
 b	at sun.reflect.NativeMethodAccessorImpl.invoke(NativeMethodAccessorImpl.java:62) ~[na:1.8.0_151]
 j	at sun.reflect.DelegatingMethodAccessorImpl.invoke(DelegatingMethodAccessorImpl.java:43) ~[na:1.8.0_151]
 E	at java.lang.reflect.Method.invoke(Method.java:498) ~[na:1.8.0_151]
 m	at org.codehaus.groovy.reflection.CachedMethod.invoke(CachedMethod.java:90) ~[groovy-all-2.3.11.jar:2.3.11]
 ^	at groovy.lang.MetaMethod.doMethodInvoke(MetaMethod.java:324) [groovy-all-2.3.11.jar:2.3.11]
 û	at org.codehaus.groovy.runtime.metaclass.MethodMetaProperty$GetBeanMethodMetaProperty.getProperty(MethodMetaProperty.java:73) [groovy-all-2.3.11.jar:2.3.11]
 ó	at org.codehaus.groovy.runtime.callsite.GetEffectivePogoPropertySite.getProperty(GetEffectivePogoPropertySite.java:82) [groovy-all-2.3.11.jar:2.3.11]
 ê	at org.codehaus.groovy.runtime.callsite.AbstractCallSite.callGroovyObjectGetProperty(AbstractCallSite.java:231) [groovy-all-2.3.11.jar:2.3.11]
 G	at geb.Browser.clearCookies(Browser.groovy:643) [geb-core-2.0.jar:na]
 N	at geb.Browser.clearCookiesQuietly(Browser.groovy:651) [geb-core-2.0.jar:na]
 O	at geb.Browser$clearCookiesQuietly.call(Unknown Source) [geb-core-2.0.jar:na]
 y	at org.codehaus.groovy.runtime.callsite.CallSiteArray.defaultCall(CallSiteArray.java:45) [groovy-all-2.3.11.jar:2.3.11]
 y	at org.codehaus.groovy.runtime.callsite.AbstractCallSite.call(AbstractCallSite.java:108) [groovy-all-2.3.11.jar:2.3.11]
 y	at org.codehaus.groovy.runtime.callsite.AbstractCallSite.call(AbstractCallSite.java:112) [groovy-all-2.3.11.jar:2.3.11]
 M	at geb.spock.GebSpec.resetBrowser(GebSpec.groovy:50) [geb-spock-2.0.jar:na]
 L	at geb.spock.GebSpec.cleanupSpec(GebSpec.groovy:79) [geb-spock-2.0.jar:na]
 P	at sun.reflect.NativeMethodAccessorImpl.invoke0(Native Method) ~[na:1.8.0_151]
 b	at sun.reflect.NativeMethodAccessorImpl.invoke(NativeMethodAccessorImpl.java:62) ~[na:1.8.0_151]
 j	at sun.reflect.DelegatingMethodAccessorImpl.invoke(DelegatingMethodAccessorImpl.java:43) ~[na:1.8.0_151]
 E	at java.lang.reflect.Method.invoke(Method.java:498) ~[na:1.8.0_151]
 t	at org.spockframework.util.ReflectionUtil.invokeMethod(ReflectionUtil.java:153) [spock-core-1.0-groovy-2.3.jar:na]
 n	at org.spockframework.runtime.model.MethodInfo.invoke(MethodInfo.java:84) [spock-core-1.0-groovy-2.3.jar:na]
 t	at org.spockframework.runtime.BaseSpecRunner.invokeRaw(BaseSpecRunner.java:480) [spock-core-1.0-groovy-2.3.jar:na]
 q	at org.spockframework.runtime.BaseSpecRunner.invoke(BaseSpecRunner.java:463) [spock-core-1.0-groovy-2.3.jar:na]
 {	at org.spockframework.runtime.BaseSpecRunner.doRunCleanupSpec(BaseSpecRunner.java:222) [spock-core-1.0-groovy-2.3.jar:na]
 s	at org.spockframework.runtime.BaseSpecRunner$4.invoke(BaseSpecRunner.java:207) [spock-core-1.0-groovy-2.3.jar:na]
 t	at org.spockframework.runtime.BaseSpecRunner.invokeRaw(BaseSpecRunner.java:480) [spock-core-1.0-groovy-2.3.jar:na]
 q	at org.spockframework.runtime.BaseSpecRunner.invoke(BaseSpecRunner.java:463) [spock-core-1.0-groovy-2.3.jar:na]
 y	at org.spockframework.runtime.BaseSpecRunner.runCleanupSpec(BaseSpecRunner.java:200) [spock-core-1.0-groovy-2.3.jar:na]
 {	at org.spockframework.runtime.BaseSpecRunner.doRunCleanupSpec(BaseSpecRunner.java:224) [spock-core-1.0-groovy-2.3.jar:na]
 s	at org.spockframework.runtime.BaseSpecRunner$4.invoke(BaseSpecRunner.java:207) [spock-core-1.0-groovy-2.3.jar:na]
 t	at org.spockframework.runtime.BaseSpecRunner.invokeRaw(BaseSpecRunner.java:480) [spock-core-1.0-groovy-2.3.jar:na]
 q	at org.spockframework.runtime.BaseSpecRunner.invoke(BaseSpecRunner.java:463) [spock-core-1.0-groovy-2.3.jar:na]
 y	at org.spockframework.runtime.BaseSpecRunner.runCleanupSpec(BaseSpecRunner.java:200) [spock-core-1.0-groovy-2.3.jar:na]
 {	at org.spockframework.runtime.BaseSpecRunner.doRunCleanupSpec(BaseSpecRunner.java:224) [spock-core-1.0-groovy-2.3.jar:na]
 s	at org.spockframework.runtime.BaseSpecRunner$4.invoke(BaseSpecRunner.java:207) [spock-core-1.0-groovy-2.3.jar:na]
 t	at org.spockframework.runtime.BaseSpecRunner.invokeRaw(BaseSpecRunner.java:480) [spock-core-1.0-groovy-2.3.jar:na]
 q	at org.spockframework.runtime.BaseSpecRunner.invoke(BaseSpecRunner.java:463) [spock-core-1.0-groovy-2.3.jar:na]
 y	at org.spockframework.runtime.BaseSpecRunner.runCleanupSpec(BaseSpecRunner.java:200) [spock-core-1.0-groovy-2.3.jar:na]
 y	at org.spockframework.runtime.BaseSpecRunner.runCleanupSpec(BaseSpecRunner.java:195) [spock-core-1.0-groovy-2.3.jar:na]
 s	at org.spockframework.runtime.BaseSpecRunner.doRunSpec(BaseSpecRunner.java:99) [spock-core-1.0-groovy-2.3.jar:na]
 r	at org.spockframework.runtime.BaseSpecRunner$1.invoke(BaseSpecRunner.java:84) [spock-core-1.0-groovy-2.3.jar:na]
 t	at org.spockframework.runtime.BaseSpecRunner.invokeRaw(BaseSpecRunner.java:480) [spock-core-1.0-groovy-2.3.jar:na]
 q	at org.spockframework.runtime.BaseSpecRunner.invoke(BaseSpecRunner.java:463) [spock-core-1.0-groovy-2.3.jar:na]
 q	at org.spockframework.runtime.BaseSpecRunner.runSpec(BaseSpecRunner.java:76) [spock-core-1.0-groovy-2.3.jar:na]
 m	at org.spockframework.runtime.BaseSpecRunner.run(BaseSpecRunner.java:67) [spock-core-1.0-groovy-2.3.jar:na]
 _	at org.spockframework.runtime.Sputnik.run(Sputnik.java:63) [spock-core-1.0-groovy-2.3.jar:na]
 ö	at org.gradle.api.internal.tasks.testing.junit.JUnitTestClassExecuter.runTestClass(JUnitTestClassExecuter.java:114) [gradle-testing-jvm-4.3.1.jar:4.3.1]
 î	at org.gradle.api.internal.tasks.testing.junit.JUnitTestClassExecuter.execute(JUnitTestClassExecuter.java:57) [gradle-testing-jvm-4.3.1.jar:4.3.1]
 ü	at org.gradle.api.internal.tasks.testing.junit.JUnitTestClassProcessor.processTestClass(JUnitTestClassProcessor.java:66) [gradle-testing-jvm-4.3.1.jar:4.3.1]
 ö	at org.gradle.api.internal.tasks.testing.SuiteTestClassProcessor.processTestClass(SuiteTestClassProcessor.java:51) [gradle-testing-base-4.3.1.jar:4.3.1]
 P	at sun.reflect.NativeMethodAccessorImpl.invoke0(Native Method) ~[na:1.8.0_151]
 b	at sun.reflect.NativeMethodAccessorImpl.invoke(NativeMethodAccessorImpl.java:62) ~[na:1.8.0_151]
 j	at sun.reflect.DelegatingMethodAccessorImpl.invoke(DelegatingMethodAccessorImpl.java:43) ~[na:1.8.0_151]
 E	at java.lang.reflect.Method.invoke(Method.java:498) ~[na:1.8.0_151]
 |	at org.gradle.internal.dispatch.ReflectionDispatch.dispatch(ReflectionDispatch.java:35) [gradle-messaging-4.3.1.jar:4.3.1]
 |	at org.gradle.internal.dispatch.ReflectionDispatch.dispatch(ReflectionDispatch.java:24) [gradle-messaging-4.3.1.jar:4.3.1]
 å	at org.gradle.internal.dispatch.ContextClassLoaderDispatch.dispatch(ContextClassLoaderDispatch.java:32) [gradle-messaging-4.3.1.jar:4.3.1]
 õ	at org.gradle.internal.dispatch.ProxyDispatchAdapter$DispatchingInvocationHandler.invoke(ProxyDispatchAdapter.java:93) [gradle-messaging-4.3.1.jar:4.3.1]
 C	at com.sun.proxy.$Proxy3.processTestClass(Unknown Source) [na:na]
 à	at org.gradle.api.internal.tasks.testing.worker.TestWorker.processTestClass(TestWorker.java:108) [gradle-testing-base-4.3.1.jar:4.3.1]
 P	at sun.reflect.NativeMethodAccessorImpl.invoke0(Native Method) ~[na:1.8.0_151]
 b	at sun.reflect.NativeMethodAccessorImpl.invoke(NativeMethodAccessorImpl.java:62) ~[na:1.8.0_151]
 j	at sun.reflect.DelegatingMethodAccessorImpl.invoke(DelegatingMethodAccessorImpl.java:43) ~[na:1.8.0_151]
 E	at java.lang.reflect.Method.invoke(Method.java:498) ~[na:1.8.0_151]
 |	at org.gradle.internal.dispatch.ReflectionDispatch.dispatch(ReflectionDispatch.java:35) [gradle-messaging-4.3.1.jar:4.3.1]
 |	at org.gradle.internal.dispatch.ReflectionDispatch.dispatch(ReflectionDispatch.java:24) [gradle-messaging-4.3.1.jar:4.3.1]
 ¥	at org.gradle.internal.remote.internal.hub.MessageHubBackedObjectConnection$DispatchWrapper.dispatch(MessageHubBackedObjectConnection.java:146) [gradle-messaging-4.3.1.jar:4.3.1]
 ¥	at org.gradle.internal.remote.internal.hub.MessageHubBackedObjectConnection$DispatchWrapper.dispatch(MessageHubBackedObjectConnection.java:128) [gradle-messaging-4.3.1.jar:4.3.1]
 {	at org.gradle.internal.remote.internal.hub.MessageHub$Handler.run(MessageHub.java:404) [gradle-messaging-4.3.1.jar:4.3.1]
 í	at org.gradle.internal.concurrent.ExecutorPolicy$CatchAndRecordFailures.onExecute(ExecutorPolicy.java:63) [gradle-base-services-4.3.1.jar:4.3.1]
 Å	at org.gradle.internal.concurrent.ManagedExecutorImpl$1.run(ManagedExecutorImpl.java:46) [gradle-base-services-4.3.1.jar:4.3.1]
 c	at java.util.concurrent.ThreadPoolExecutor.runWorker(ThreadPoolExecutor.java:1149) [na:1.8.0_151]
 c	at java.util.concurrent.ThreadPoolExecutor$Worker.run(ThreadPoolExecutor.java:624) [na:1.8.0_151]
 ë	at org.gradle.internal.concurrent.ThreadFactoryImpl$ManagedThreadRunnable.run(ThreadFactoryImpl.java:55) [gradle-base-services-4.3.1.jar:4.3.1]
 9	at java.lang.Thread.run(Thread.java:748) [na:1.8.0_151]
